2020-04-19 15:21:02.460[main][main] INFO  c.s.s.d.SecurityDynamicDemoApplication - Starting SecurityDynamicDemoApplication on ZHA-HP with PID 82468 (E:\02-back end\00-teaching\02-SpringBoot\02-code\awesome-spring-boot\chapter-8\security-dynamic-demo\target\classes started by zhayh in E:\02-back end\00-teaching\02-SpringBoot\02-code\awesome-spring-boot\chapter-8\security-dynamic-demo)
2020-04-19 15:21:02.464[main][main] INFO  c.s.s.d.SecurityDynamicDemoApplication - No active profile set, falling back to default profiles: default
2020-04-19 15:21:03.799[main][main] DEBUG org.apache.ibatis.logging.LogFactory - Logging initialized using 'class org.apache.ibatis.logging.slf4j.Slf4jImpl' adapter.
2020-04-19 15:21:04.624[main][main] INFO  o.s.b.w.e.tomcat.TomcatWebServer - Tomcat initialized with port(s): 8080 (http)
2020-04-19 15:21:04.643[main][main] INFO  o.a.coyote.http11.Http11NioProtocol - Initializing ProtocolHandler ["http-nio-8080"]
2020-04-19 15:21:04.644[main][main] INFO  o.a.catalina.core.StandardService - Starting service [Tomcat]
2020-04-19 15:21:04.644[main][main] INFO  o.a.catalina.core.StandardEngine - Starting Servlet engine: [Apache Tomcat/9.0.33]
2020-04-19 15:21:04.850[main][main] INFO  o.a.c.c.C.[Tomcat].[localhost].[/] - Initializing Spring embedded WebApplicationContext
2020-04-19 15:21:04.851[main][main] INFO  o.s.web.context.ContextLoader - Root WebApplicationContext: initialization completed in 2311 ms
2020-04-19 15:21:05.123[main][main] INFO  c.a.d.s.b.a.DruidDataSourceAutoConfigure - Init DruidDataSource
2020-04-19 15:21:05.335[main][main] INFO  c.alibaba.druid.pool.DruidDataSource - {dataSource-1} inited
2020-04-19 15:21:06.079[main][main] INFO  o.s.s.c.ThreadPoolTaskExecutor - Initializing ExecutorService 'applicationTaskExecutor'
2020-04-19 15:21:06.557[main][main] INFO  o.s.s.web.DefaultSecurityFilterChain - Creating filter chain: any request, [org.springframework.security.web.context.request.async.WebAsyncManagerIntegrationFilter@1e98b788, org.springframework.security.web.context.SecurityContextPersistenceFilter@69c532af, org.springframework.security.web.header.HeaderWriterFilter@61e86192, org.springframework.security.web.authentication.logout.LogoutFilter@22d8f4ed, org.springframework.security.web.authentication.UsernamePasswordAuthenticationFilter@2443135, org.springframework.security.web.authentication.ui.DefaultLoginPageGeneratingFilter@46320c9a, org.springframework.security.web.authentication.ui.DefaultLogoutPageGeneratingFilter@794eeaf8, org.springframework.security.web.savedrequest.RequestCacheAwareFilter@51a16adf, org.springframework.security.web.servletapi.SecurityContextHolderAwareRequestFilter@2be818da, org.springframework.security.web.authentication.AnonymousAuthenticationFilter@37c5284a, org.springframework.security.web.session.SessionManagementFilter@1320e68a, org.springframework.security.web.access.ExceptionTranslationFilter@49edcb30, org.springframework.security.web.access.intercept.FilterSecurityInterceptor@15c6027d]
2020-04-19 15:21:06.617[main][main] INFO  o.a.coyote.http11.Http11NioProtocol - Starting ProtocolHandler ["http-nio-8080"]
2020-04-19 15:21:07.414[main][main] INFO  o.s.b.w.e.tomcat.TomcatWebServer - Tomcat started on port(s): 8080 (http) with context path ''
2020-04-19 15:21:07.430[main][main] INFO  c.s.s.d.SecurityDynamicDemoApplication - Started SecurityDynamicDemoApplication in 5.442 seconds (JVM running for 7.688)
2020-04-19 15:21:58.363[main][main] INFO  o.s.b.t.c.SpringBootTestContextBootstrapper - Neither @ContextConfiguration nor @ContextHierarchy found for test class [com.spring.security.dynamic.SecurityDynamicDemoApplicationTests], using SpringBootContextLoader
2020-04-19 15:21:58.376[main][main] INFO  o.s.t.c.s.AbstractContextLoader - Could not detect default resource locations for test class [com.spring.security.dynamic.SecurityDynamicDemoApplicationTests]: no resource found for suffixes {-context.xml, Context.groovy}.
2020-04-19 15:21:58.378[main][main] INFO  o.s.t.c.s.AnnotationConfigContextLoaderUtils - Could not detect default configuration classes for test class [com.spring.security.dynamic.SecurityDynamicDemoApplicationTests]: SecurityDynamicDemoApplicationTests does not declare any static, non-private, non-final, nested classes annotated with @Configuration.
2020-04-19 15:21:58.586[main][main] INFO  o.s.b.t.c.SpringBootTestContextBootstrapper - Found @SpringBootConfiguration com.spring.security.dynamic.SecurityDynamicDemoApplication for test class com.spring.security.dynamic.SecurityDynamicDemoApplicationTests
2020-04-19 15:21:58.768[main][main] INFO  o.s.b.t.c.SpringBootTestContextBootstrapper - Loaded default TestExecutionListener class names from location [META-INF/spring.factories]: [org.springframework.boot.test.mock.mockito.MockitoTestExecutionListener, org.springframework.boot.test.mock.mockito.ResetMocksTestExecutionListener, org.springframework.boot.test.autoconfigure.restdocs.RestDocsTestExecutionListener, org.springframework.boot.test.autoconfigure.web.client.MockRestServiceServerResetTestExecutionListener, org.springframework.boot.test.autoconfigure.web.servlet.MockMvcPrintOnlyOnFailureTestExecutionListener, org.springframework.boot.test.autoconfigure.web.servlet.WebDriverTestExecutionListener, org.springframework.test.context.web.ServletTestExecutionListener, org.springframework.test.context.support.DirtiesContextBeforeModesTestExecutionListener, org.springframework.test.context.support.DependencyInjectionTestExecutionListener, org.springframework.test.context.support.DirtiesContextTestExecutionListener, org.springframework.test.context.transaction.TransactionalTestExecutionListener, org.springframework.test.context.jdbc.SqlScriptsTestExecutionListener, org.springframework.test.context.event.EventPublishingTestExecutionListener, org.springframework.security.test.context.support.WithSecurityContextTestExecutionListener, org.springframework.security.test.context.support.ReactorContextTestExecutionListener]
2020-04-19 15:21:58.801[main][main] INFO  o.s.b.t.c.SpringBootTestContextBootstrapper - Using TestExecutionListeners: [org.springframework.test.context.web.ServletTestExecutionListener@a22cb6a, org.springframework.test.context.support.DirtiesContextBeforeModesTestExecutionListener@5dd1c9f2, org.springframework.boot.test.mock.mockito.MockitoTestExecutionListener@59b38691, org.springframework.boot.test.autoconfigure.SpringBootDependencyInjectionTestExecutionListener@2e2ff723, org.springframework.test.context.support.DirtiesContextTestExecutionListener@324a0017, org.springframework.test.context.transaction.TransactionalTestExecutionListener@6187d1f5, org.springframework.test.context.jdbc.SqlScriptsTestExecutionListener@2445445a, org.springframework.test.context.event.EventPublishingTestExecutionListener@7502291e, org.springframework.security.test.context.support.WithSecurityContextTestExecutionListener@17aad511, org.springframework.security.test.context.support.ReactorContextTestExecutionListener@487db668, org.springframework.boot.test.mock.mockito.ResetMocksTestExecutionListener@46944ca9, org.springframework.boot.test.autoconfigure.restdocs.RestDocsTestExecutionListener@22bac7bc, org.springframework.boot.test.autoconfigure.web.client.MockRestServiceServerResetTestExecutionListener@63798ca7, org.springframework.boot.test.autoconfigure.web.servlet.MockMvcPrintOnlyOnFailureTestExecutionListener@4612b856, org.springframework.boot.test.autoconfigure.web.servlet.WebDriverTestExecutionListener@22875539]
2020-04-19 15:21:59.517[main][main] INFO  c.s.s.d.SecurityDynamicDemoApplicationTests - Starting SecurityDynamicDemoApplicationTests on ZHA-HP with PID 82172 (started by zhayh in E:\02-back end\00-teaching\02-SpringBoot\02-code\awesome-spring-boot\chapter-8\security-dynamic-demo)
2020-04-19 15:21:59.528[main][main] INFO  c.s.s.d.SecurityDynamicDemoApplicationTests - No active profile set, falling back to default profiles: default
2020-04-19 15:22:01.665[main][main] DEBUG org.apache.ibatis.logging.LogFactory - Logging initialized using 'class org.apache.ibatis.logging.slf4j.Slf4jImpl' adapter.
2020-04-19 15:22:02.716[main][main] INFO  c.a.d.s.b.a.DruidDataSourceAutoConfigure - Init DruidDataSource
2020-04-19 15:22:03.033[main][main] INFO  c.alibaba.druid.pool.DruidDataSource - {dataSource-1} inited
2020-04-19 15:22:04.425[main][main] INFO  o.s.s.c.ThreadPoolTaskExecutor - Initializing ExecutorService 'applicationTaskExecutor'
2020-04-19 15:22:07.148[main][main] INFO  o.s.s.web.DefaultSecurityFilterChain - Creating filter chain: any request, [org.springframework.security.web.context.request.async.WebAsyncManagerIntegrationFilter@782fd504, org.springframework.security.web.context.SecurityContextPersistenceFilter@2d22d3b1, org.springframework.security.web.header.HeaderWriterFilter@65600fb3, org.springframework.security.web.authentication.logout.LogoutFilter@7cf8f45a, org.springframework.security.web.authentication.UsernamePasswordAuthenticationFilter@25ad25f5, org.springframework.security.web.authentication.ui.DefaultLoginPageGeneratingFilter@6c07ad6b, org.springframework.security.web.authentication.ui.DefaultLogoutPageGeneratingFilter@1537c744, org.springframework.security.web.savedrequest.RequestCacheAwareFilter@42cf6349, org.springframework.security.web.servletapi.SecurityContextHolderAwareRequestFilter@71166348, org.springframework.security.web.authentication.AnonymousAuthenticationFilter@37314843, org.springframework.security.web.session.SessionManagementFilter@19ad75e5, org.springframework.security.web.access.ExceptionTranslationFilter@2abc55c4, org.springframework.security.web.access.intercept.FilterSecurityInterceptor@1068176]
2020-04-19 15:22:07.343[main][main] INFO  c.s.s.d.SecurityDynamicDemoApplicationTests - Started SecurityDynamicDemoApplicationTests in 8.471 seconds (JVM running for 10.95)
2020-04-19 15:22:09.139[main][main] DEBUG c.s.s.d.m.MenuMapper.getAllMenus - ==>  Preparing: select m.*, r.id as rid, r.name as rname, r.nameZh as rnameZh from menu m left join menu_role mr on m.id = mr.mid left join role r on mr.rid = r.id 
2020-04-19 15:22:09.196[main][main] DEBUG c.s.s.d.m.MenuMapper.getAllMenus - ==> Parameters: 
2020-04-19 15:22:09.332[main][main] DEBUG c.s.s.d.m.MenuMapper.getAllMenus - <==      Total: 3
2020-04-19 15:22:09.337[main][main] DEBUG c.s.s.d.m.U.loadUserByUsername - ==>  Preparing: select * from user where username = ? 
2020-04-19 15:22:09.339[main][main] DEBUG c.s.s.d.m.U.loadUserByUsername - ==> Parameters: root(String)
2020-04-19 15:22:09.376[main][main] DEBUG c.s.s.d.m.U.loadUserByUsername - <==      Total: 1
2020-04-19 15:22:09.376[main][main] DEBUG c.s.s.d.m.U.getUserRolesById - ==>  Preparing: select * from role r left join user_role ur on r.id = ur.rid where ur.uid = ? 
2020-04-19 15:22:09.377[main][main] DEBUG c.s.s.d.m.U.getUserRolesById - ==> Parameters: 1(Integer)
2020-04-19 15:22:09.395[main][main] DEBUG c.s.s.d.m.U.getUserRolesById - <==      Total: 2
2020-04-19 15:22:09.428[SpringContextShutdownHook][SpringContextShutdownHook] INFO  o.s.s.c.ThreadPoolTaskExecutor - Shutting down ExecutorService 'applicationTaskExecutor'
2020-04-19 15:22:09.431[SpringContextShutdownHook][SpringContextShutdownHook] INFO  c.alibaba.druid.pool.DruidDataSource - {dataSource-1} closing ...
2020-04-19 15:22:09.442[SpringContextShutdownHook][SpringContextShutdownHook] INFO  c.alibaba.druid.pool.DruidDataSource - {dataSource-1} closed
2020-04-19 15:23:10.120[main][main] INFO  o.s.b.t.c.SpringBootTestContextBootstrapper - Neither @ContextConfiguration nor @ContextHierarchy found for test class [com.spring.security.dynamic.SecurityDynamicDemoApplicationTests], using SpringBootContextLoader
2020-04-19 15:23:10.134[main][main] INFO  o.s.t.c.s.AbstractContextLoader - Could not detect default resource locations for test class [com.spring.security.dynamic.SecurityDynamicDemoApplicationTests]: no resource found for suffixes {-context.xml, Context.groovy}.
2020-04-19 15:23:10.135[main][main] INFO  o.s.t.c.s.AnnotationConfigContextLoaderUtils - Could not detect default configuration classes for test class [com.spring.security.dynamic.SecurityDynamicDemoApplicationTests]: SecurityDynamicDemoApplicationTests does not declare any static, non-private, non-final, nested classes annotated with @Configuration.
2020-04-19 15:23:10.400[main][main] INFO  o.s.b.t.c.SpringBootTestContextBootstrapper - Found @SpringBootConfiguration com.spring.security.dynamic.SecurityDynamicDemoApplication for test class com.spring.security.dynamic.SecurityDynamicDemoApplicationTests
2020-04-19 15:23:10.622[main][main] INFO  o.s.b.t.c.SpringBootTestContextBootstrapper - Loaded default TestExecutionListener class names from location [META-INF/spring.factories]: [org.springframework.boot.test.mock.mockito.MockitoTestExecutionListener, org.springframework.boot.test.mock.mockito.ResetMocksTestExecutionListener, org.springframework.boot.test.autoconfigure.restdocs.RestDocsTestExecutionListener, org.springframework.boot.test.autoconfigure.web.client.MockRestServiceServerResetTestExecutionListener, org.springframework.boot.test.autoconfigure.web.servlet.MockMvcPrintOnlyOnFailureTestExecutionListener, org.springframework.boot.test.autoconfigure.web.servlet.WebDriverTestExecutionListener, org.springframework.test.context.web.ServletTestExecutionListener, org.springframework.test.context.support.DirtiesContextBeforeModesTestExecutionListener, org.springframework.test.context.support.DependencyInjectionTestExecutionListener, org.springframework.test.context.support.DirtiesContextTestExecutionListener, org.springframework.test.context.transaction.TransactionalTestExecutionListener, org.springframework.test.context.jdbc.SqlScriptsTestExecutionListener, org.springframework.test.context.event.EventPublishingTestExecutionListener, org.springframework.security.test.context.support.WithSecurityContextTestExecutionListener, org.springframework.security.test.context.support.ReactorContextTestExecutionListener]
2020-04-19 15:23:10.659[main][main] INFO  o.s.b.t.c.SpringBootTestContextBootstrapper - Using TestExecutionListeners: [org.springframework.test.context.web.ServletTestExecutionListener@a22cb6a, org.springframework.test.context.support.DirtiesContextBeforeModesTestExecutionListener@5dd1c9f2, org.springframework.boot.test.mock.mockito.MockitoTestExecutionListener@59b38691, org.springframework.boot.test.autoconfigure.SpringBootDependencyInjectionTestExecutionListener@2e2ff723, org.springframework.test.context.support.DirtiesContextTestExecutionListener@324a0017, org.springframework.test.context.transaction.TransactionalTestExecutionListener@6187d1f5, org.springframework.test.context.jdbc.SqlScriptsTestExecutionListener@2445445a, org.springframework.test.context.event.EventPublishingTestExecutionListener@7502291e, org.springframework.security.test.context.support.WithSecurityContextTestExecutionListener@17aad511, org.springframework.security.test.context.support.ReactorContextTestExecutionListener@487db668, org.springframework.boot.test.mock.mockito.ResetMocksTestExecutionListener@46944ca9, org.springframework.boot.test.autoconfigure.restdocs.RestDocsTestExecutionListener@22bac7bc, org.springframework.boot.test.autoconfigure.web.client.MockRestServiceServerResetTestExecutionListener@63798ca7, org.springframework.boot.test.autoconfigure.web.servlet.MockMvcPrintOnlyOnFailureTestExecutionListener@4612b856, org.springframework.boot.test.autoconfigure.web.servlet.WebDriverTestExecutionListener@22875539]
2020-04-19 15:23:11.313[main][main] INFO  c.s.s.d.SecurityDynamicDemoApplicationTests - Starting SecurityDynamicDemoApplicationTests on ZHA-HP with PID 2592 (started by zhayh in E:\02-back end\00-teaching\02-SpringBoot\02-code\awesome-spring-boot\chapter-8\security-dynamic-demo)
2020-04-19 15:23:11.314[main][main] INFO  c.s.s.d.SecurityDynamicDemoApplicationTests - No active profile set, falling back to default profiles: default
2020-04-19 15:23:13.472[main][main] DEBUG org.apache.ibatis.logging.LogFactory - Logging initialized using 'class org.apache.ibatis.logging.slf4j.Slf4jImpl' adapter.
2020-04-19 15:23:14.607[main][main] INFO  c.a.d.s.b.a.DruidDataSourceAutoConfigure - Init DruidDataSource
2020-04-19 15:23:15.259[main][main] INFO  c.alibaba.druid.pool.DruidDataSource - {dataSource-1} inited
2020-04-19 15:23:17.030[main][main] INFO  o.s.s.c.ThreadPoolTaskExecutor - Initializing ExecutorService 'applicationTaskExecutor'
2020-04-19 15:23:19.950[main][main] INFO  o.s.s.web.DefaultSecurityFilterChain - Creating filter chain: any request, [org.springframework.security.web.context.request.async.WebAsyncManagerIntegrationFilter@37314843, org.springframework.security.web.context.SecurityContextPersistenceFilter@9690008, org.springframework.security.web.header.HeaderWriterFilter@7ea71fc2, org.springframework.security.web.authentication.logout.LogoutFilter@204d9edf, org.springframework.security.web.authentication.UsernamePasswordAuthenticationFilter@1860a7a1, org.springframework.security.web.authentication.ui.DefaultLoginPageGeneratingFilter@76e4212, org.springframework.security.web.authentication.ui.DefaultLogoutPageGeneratingFilter@50122012, org.springframework.security.web.savedrequest.RequestCacheAwareFilter@1a2e563e, org.springframework.security.web.servletapi.SecurityContextHolderAwareRequestFilter@20bb85b4, org.springframework.security.web.authentication.AnonymousAuthenticationFilter@569348e1, org.springframework.security.web.session.SessionManagementFilter@19cdc217, org.springframework.security.web.access.ExceptionTranslationFilter@71c0b742, org.springframework.security.web.access.intercept.FilterSecurityInterceptor@71789580]
2020-04-19 15:23:20.141[main][main] INFO  c.s.s.d.SecurityDynamicDemoApplicationTests - Started SecurityDynamicDemoApplicationTests in 9.412 seconds (JVM running for 11.95)
2020-04-19 15:23:21.782[main][main] DEBUG c.s.s.d.m.MenuMapper.getAllMenus - ==>  Preparing: select m.*, r.id as rid, r.name as rname, r.nameZh as rnameZh from menu m left join menu_role mr on m.id = mr.mid left join role r on mr.rid = r.id 
2020-04-19 15:23:21.838[main][main] DEBUG c.s.s.d.m.MenuMapper.getAllMenus - ==> Parameters: 
2020-04-19 15:23:21.902[main][main] DEBUG c.s.s.d.m.MenuMapper.getAllMenus - <==      Total: 3
2020-04-19 15:23:21.909[main][main] DEBUG c.s.s.d.m.U.loadUserByUsername - ==>  Preparing: select * from user where username = ? 
2020-04-19 15:23:21.911[main][main] DEBUG c.s.s.d.m.U.loadUserByUsername - ==> Parameters: root(String)
2020-04-19 15:23:21.925[main][main] DEBUG c.s.s.d.m.U.loadUserByUsername - <==      Total: 1
2020-04-19 15:23:21.926[main][main] DEBUG c.s.s.d.m.U.getUserRolesById - ==>  Preparing: select * from role r left join user_role ur on r.id = ur.rid where ur.uid = ? 
2020-04-19 15:23:21.927[main][main] DEBUG c.s.s.d.m.U.getUserRolesById - ==> Parameters: 1(Integer)
2020-04-19 15:23:21.930[main][main] DEBUG c.s.s.d.m.U.getUserRolesById - <==      Total: 2
2020-04-19 15:23:21.958[SpringContextShutdownHook][SpringContextShutdownHook] INFO  o.s.s.c.ThreadPoolTaskExecutor - Shutting down ExecutorService 'applicationTaskExecutor'
2020-04-19 15:23:21.960[SpringContextShutdownHook][SpringContextShutdownHook] INFO  c.alibaba.druid.pool.DruidDataSource - {dataSource-1} closing ...
2020-04-19 15:23:21.969[SpringContextShutdownHook][SpringContextShutdownHook] INFO  c.alibaba.druid.pool.DruidDataSource - {dataSource-1} closed
2020-04-19 15:25:01.437[main][main] INFO  o.s.b.t.c.SpringBootTestContextBootstrapper - Neither @ContextConfiguration nor @ContextHierarchy found for test class [com.spring.security.dynamic.SecurityDynamicDemoApplicationTests], using SpringBootContextLoader
2020-04-19 15:25:01.458[main][main] INFO  o.s.t.c.s.AbstractContextLoader - Could not detect default resource locations for test class [com.spring.security.dynamic.SecurityDynamicDemoApplicationTests]: no resource found for suffixes {-context.xml, Context.groovy}.
2020-04-19 15:25:01.467[main][main] INFO  o.s.t.c.s.AnnotationConfigContextLoaderUtils - Could not detect default configuration classes for test class [com.spring.security.dynamic.SecurityDynamicDemoApplicationTests]: SecurityDynamicDemoApplicationTests does not declare any static, non-private, non-final, nested classes annotated with @Configuration.
2020-04-19 15:25:01.805[main][main] INFO  o.s.b.t.c.SpringBootTestContextBootstrapper - Found @SpringBootConfiguration com.spring.security.dynamic.SecurityDynamicDemoApplication for test class com.spring.security.dynamic.SecurityDynamicDemoApplicationTests
2020-04-19 15:25:02.048[main][main] INFO  o.s.b.t.c.SpringBootTestContextBootstrapper - Loaded default TestExecutionListener class names from location [META-INF/spring.factories]: [org.springframework.boot.test.mock.mockito.MockitoTestExecutionListener, org.springframework.boot.test.mock.mockito.ResetMocksTestExecutionListener, org.springframework.boot.test.autoconfigure.restdocs.RestDocsTestExecutionListener, org.springframework.boot.test.autoconfigure.web.client.MockRestServiceServerResetTestExecutionListener, org.springframework.boot.test.autoconfigure.web.servlet.MockMvcPrintOnlyOnFailureTestExecutionListener, org.springframework.boot.test.autoconfigure.web.servlet.WebDriverTestExecutionListener, org.springframework.test.context.web.ServletTestExecutionListener, org.springframework.test.context.support.DirtiesContextBeforeModesTestExecutionListener, org.springframework.test.context.support.DependencyInjectionTestExecutionListener, org.springframework.test.context.support.DirtiesContextTestExecutionListener, org.springframework.test.context.transaction.TransactionalTestExecutionListener, org.springframework.test.context.jdbc.SqlScriptsTestExecutionListener, org.springframework.test.context.event.EventPublishingTestExecutionListener, org.springframework.security.test.context.support.WithSecurityContextTestExecutionListener, org.springframework.security.test.context.support.ReactorContextTestExecutionListener]
2020-04-19 15:25:02.092[main][main] INFO  o.s.b.t.c.SpringBootTestContextBootstrapper - Using TestExecutionListeners: [org.springframework.test.context.web.ServletTestExecutionListener@5dcd8c7a, org.springframework.test.context.support.DirtiesContextBeforeModesTestExecutionListener@2250b9f2, org.springframework.boot.test.mock.mockito.MockitoTestExecutionListener@7e3181aa, org.springframework.boot.test.autoconfigure.SpringBootDependencyInjectionTestExecutionListener@253d9f73, org.springframework.test.context.support.DirtiesContextTestExecutionListener@142269f2, org.springframework.test.context.transaction.TransactionalTestExecutionListener@331acdad, org.springframework.test.context.jdbc.SqlScriptsTestExecutionListener@41d426b5, org.springframework.test.context.event.EventPublishingTestExecutionListener@8dbfffb, org.springframework.security.test.context.support.WithSecurityContextTestExecutionListener@f316aeb, org.springframework.security.test.context.support.ReactorContextTestExecutionListener@6aa3a905, org.springframework.boot.test.mock.mockito.ResetMocksTestExecutionListener@a22cb6a, org.springframework.boot.test.autoconfigure.restdocs.RestDocsTestExecutionListener@5dd1c9f2, org.springframework.boot.test.autoconfigure.web.client.MockRestServiceServerResetTestExecutionListener@59b38691, org.springframework.boot.test.autoconfigure.web.servlet.MockMvcPrintOnlyOnFailureTestExecutionListener@2e2ff723, org.springframework.boot.test.autoconfigure.web.servlet.WebDriverTestExecutionListener@324a0017]
2020-04-19 15:25:03.050[main][main] INFO  c.s.s.d.SecurityDynamicDemoApplicationTests - Starting SecurityDynamicDemoApplicationTests on ZHA-HP with PID 82892 (started by zhayh in E:\02-back end\00-teaching\02-SpringBoot\02-code\awesome-spring-boot\chapter-8\security-dynamic-demo)
2020-04-19 15:25:03.052[main][main] INFO  c.s.s.d.SecurityDynamicDemoApplicationTests - No active profile set, falling back to default profiles: default
2020-04-19 15:25:05.512[main][main] DEBUG org.apache.ibatis.logging.LogFactory - Logging initialized using 'class org.apache.ibatis.logging.slf4j.Slf4jImpl' adapter.
2020-04-19 15:25:06.211[main][main] INFO  c.a.d.s.b.a.DruidDataSourceAutoConfigure - Init DruidDataSource
2020-04-19 15:25:06.928[main][main] INFO  c.alibaba.druid.pool.DruidDataSource - {dataSource-1} inited
2020-04-19 15:25:08.540[main][main] INFO  o.s.s.c.ThreadPoolTaskExecutor - Initializing ExecutorService 'applicationTaskExecutor'
2020-04-19 15:25:10.432[main][main] INFO  o.s.s.web.DefaultSecurityFilterChain - Creating filter chain: any request, [org.springframework.security.web.context.request.async.WebAsyncManagerIntegrationFilter@106c988, org.springframework.security.web.context.SecurityContextPersistenceFilter@39d77de9, org.springframework.security.web.header.HeaderWriterFilter@72a8361b, org.springframework.security.web.authentication.logout.LogoutFilter@5a30722c, org.springframework.security.web.authentication.UsernamePasswordAuthenticationFilter@78d92eef, org.springframework.security.web.authentication.ui.DefaultLoginPageGeneratingFilter@47fcefb3, org.springframework.security.web.authentication.ui.DefaultLogoutPageGeneratingFilter@21274afe, org.springframework.security.web.savedrequest.RequestCacheAwareFilter@7a64cb0c, org.springframework.security.web.servletapi.SecurityContextHolderAwareRequestFilter@743c3520, org.springframework.security.web.authentication.AnonymousAuthenticationFilter@76a362a4, org.springframework.security.web.session.SessionManagementFilter@75793f17, org.springframework.security.web.access.ExceptionTranslationFilter@34edd065, org.springframework.security.web.access.intercept.FilterSecurityInterceptor@284990de]
2020-04-19 15:25:10.646[main][main] INFO  c.s.s.d.SecurityDynamicDemoApplicationTests - Started SecurityDynamicDemoApplicationTests in 8.457 seconds (JVM running for 11.39)
2020-04-19 15:25:12.803[main][main] DEBUG c.s.s.d.m.MenuMapper.getAllMenus - ==>  Preparing: select m.*, r.id as rid, r.name as rname, r.nameZh as rnameZh from menu m left join menu_role mr on m.id = mr.mid left join role r on mr.rid = r.id 
2020-04-19 15:25:13.854[main][main] DEBUG c.s.s.d.m.MenuMapper.getAllMenus - ==> Parameters: 
2020-04-19 15:25:13.942[main][main] DEBUG c.s.s.d.m.MenuMapper.getAllMenus - <==      Total: 3
2020-04-19 15:25:13.953[main][main] DEBUG c.s.s.d.m.U.loadUserByUsername - ==>  Preparing: select * from user where username = ? 
2020-04-19 15:25:13.955[main][main] DEBUG c.s.s.d.m.U.loadUserByUsername - ==> Parameters: root(String)
2020-04-19 15:25:13.963[main][main] DEBUG c.s.s.d.m.U.loadUserByUsername - <==      Total: 1
2020-04-19 15:25:13.964[main][main] DEBUG c.s.s.d.m.U.getUserRolesById - ==>  Preparing: select * from role r left join user_role ur on r.id = ur.rid where ur.uid = ? 
2020-04-19 15:25:13.964[main][main] DEBUG c.s.s.d.m.U.getUserRolesById - ==> Parameters: 1(Integer)
2020-04-19 15:25:13.968[main][main] DEBUG c.s.s.d.m.U.getUserRolesById - <==      Total: 2
2020-04-19 15:25:13.996[SpringContextShutdownHook][SpringContextShutdownHook] INFO  o.s.s.c.ThreadPoolTaskExecutor - Shutting down ExecutorService 'applicationTaskExecutor'
2020-04-19 15:25:13.998[SpringContextShutdownHook][SpringContextShutdownHook] INFO  c.alibaba.druid.pool.DruidDataSource - {dataSource-1} closing ...
2020-04-19 15:25:14.006[SpringContextShutdownHook][SpringContextShutdownHook] INFO  c.alibaba.druid.pool.DruidDataSource - {dataSource-1} closed
2020-04-19 15:25:37.150[main][main] INFO  o.s.b.t.c.SpringBootTestContextBootstrapper - Neither @ContextConfiguration nor @ContextHierarchy found for test class [com.spring.security.dynamic.SecurityDynamicDemoApplicationTests], using SpringBootContextLoader
2020-04-19 15:25:37.159[main][main] INFO  o.s.t.c.s.AbstractContextLoader - Could not detect default resource locations for test class [com.spring.security.dynamic.SecurityDynamicDemoApplicationTests]: no resource found for suffixes {-context.xml, Context.groovy}.
2020-04-19 15:25:37.161[main][main] INFO  o.s.t.c.s.AnnotationConfigContextLoaderUtils - Could not detect default configuration classes for test class [com.spring.security.dynamic.SecurityDynamicDemoApplicationTests]: SecurityDynamicDemoApplicationTests does not declare any static, non-private, non-final, nested classes annotated with @Configuration.
2020-04-19 15:25:37.386[main][main] INFO  o.s.b.t.c.SpringBootTestContextBootstrapper - Found @SpringBootConfiguration com.spring.security.dynamic.SecurityDynamicDemoApplication for test class com.spring.security.dynamic.SecurityDynamicDemoApplicationTests
2020-04-19 15:25:37.555[main][main] INFO  o.s.b.t.c.SpringBootTestContextBootstrapper - Loaded default TestExecutionListener class names from location [META-INF/spring.factories]: [org.springframework.boot.test.mock.mockito.MockitoTestExecutionListener, org.springframework.boot.test.mock.mockito.ResetMocksTestExecutionListener, org.springframework.boot.test.autoconfigure.restdocs.RestDocsTestExecutionListener, org.springframework.boot.test.autoconfigure.web.client.MockRestServiceServerResetTestExecutionListener, org.springframework.boot.test.autoconfigure.web.servlet.MockMvcPrintOnlyOnFailureTestExecutionListener, org.springframework.boot.test.autoconfigure.web.servlet.WebDriverTestExecutionListener, org.springframework.test.context.web.ServletTestExecutionListener, org.springframework.test.context.support.DirtiesContextBeforeModesTestExecutionListener, org.springframework.test.context.support.DependencyInjectionTestExecutionListener, org.springframework.test.context.support.DirtiesContextTestExecutionListener, org.springframework.test.context.transaction.TransactionalTestExecutionListener, org.springframework.test.context.jdbc.SqlScriptsTestExecutionListener, org.springframework.test.context.event.EventPublishingTestExecutionListener, org.springframework.security.test.context.support.WithSecurityContextTestExecutionListener, org.springframework.security.test.context.support.ReactorContextTestExecutionListener]
2020-04-19 15:25:37.595[main][main] INFO  o.s.b.t.c.SpringBootTestContextBootstrapper - Using TestExecutionListeners: [org.springframework.test.context.web.ServletTestExecutionListener@5dcd8c7a, org.springframework.test.context.support.DirtiesContextBeforeModesTestExecutionListener@2250b9f2, org.springframework.boot.test.mock.mockito.MockitoTestExecutionListener@7e3181aa, org.springframework.boot.test.autoconfigure.SpringBootDependencyInjectionTestExecutionListener@253d9f73, org.springframework.test.context.support.DirtiesContextTestExecutionListener@142269f2, org.springframework.test.context.transaction.TransactionalTestExecutionListener@331acdad, org.springframework.test.context.jdbc.SqlScriptsTestExecutionListener@41d426b5, org.springframework.test.context.event.EventPublishingTestExecutionListener@8dbfffb, org.springframework.security.test.context.support.WithSecurityContextTestExecutionListener@f316aeb, org.springframework.security.test.context.support.ReactorContextTestExecutionListener@6aa3a905, org.springframework.boot.test.mock.mockito.ResetMocksTestExecutionListener@a22cb6a, org.springframework.boot.test.autoconfigure.restdocs.RestDocsTestExecutionListener@5dd1c9f2, org.springframework.boot.test.autoconfigure.web.client.MockRestServiceServerResetTestExecutionListener@59b38691, org.springframework.boot.test.autoconfigure.web.servlet.MockMvcPrintOnlyOnFailureTestExecutionListener@2e2ff723, org.springframework.boot.test.autoconfigure.web.servlet.WebDriverTestExecutionListener@324a0017]
2020-04-19 15:25:38.339[main][main] INFO  c.s.s.d.SecurityDynamicDemoApplicationTests - Starting SecurityDynamicDemoApplicationTests on ZHA-HP with PID 82664 (started by zhayh in E:\02-back end\00-teaching\02-SpringBoot\02-code\awesome-spring-boot\chapter-8\security-dynamic-demo)
2020-04-19 15:25:38.341[main][main] INFO  c.s.s.d.SecurityDynamicDemoApplicationTests - No active profile set, falling back to default profiles: default
2020-04-19 15:25:40.385[main][main] DEBUG org.apache.ibatis.logging.LogFactory - Logging initialized using 'class org.apache.ibatis.logging.slf4j.Slf4jImpl' adapter.
2020-04-19 15:25:41.255[main][main] INFO  c.a.d.s.b.a.DruidDataSourceAutoConfigure - Init DruidDataSource
2020-04-19 15:25:41.624[main][main] INFO  c.alibaba.druid.pool.DruidDataSource - {dataSource-1} inited
2020-04-19 15:25:44.252[main][main] INFO  o.s.s.c.ThreadPoolTaskExecutor - Initializing ExecutorService 'applicationTaskExecutor'
2020-04-19 15:25:46.665[main][main] INFO  o.s.s.web.DefaultSecurityFilterChain - Creating filter chain: any request, [org.springframework.security.web.context.request.async.WebAsyncManagerIntegrationFilter@106c988, org.springframework.security.web.context.SecurityContextPersistenceFilter@39d77de9, org.springframework.security.web.header.HeaderWriterFilter@72a8361b, org.springframework.security.web.authentication.logout.LogoutFilter@5a30722c, org.springframework.security.web.authentication.UsernamePasswordAuthenticationFilter@78d92eef, org.springframework.security.web.authentication.ui.DefaultLoginPageGeneratingFilter@47fcefb3, org.springframework.security.web.authentication.ui.DefaultLogoutPageGeneratingFilter@21274afe, org.springframework.security.web.savedrequest.RequestCacheAwareFilter@7a64cb0c, org.springframework.security.web.servletapi.SecurityContextHolderAwareRequestFilter@743c3520, org.springframework.security.web.authentication.AnonymousAuthenticationFilter@76a362a4, org.springframework.security.web.session.SessionManagementFilter@75793f17, org.springframework.security.web.access.ExceptionTranslationFilter@34edd065, org.springframework.security.web.access.intercept.FilterSecurityInterceptor@284990de]
2020-04-19 15:25:46.850[main][main] INFO  c.s.s.d.SecurityDynamicDemoApplicationTests - Started SecurityDynamicDemoApplicationTests in 9.134 seconds (JVM running for 11.585)
2020-04-19 15:25:48.333[main][main] DEBUG c.s.s.d.m.MenuMapper.getAllMenus - ==>  Preparing: select m.*, r.id as rid, r.name as rname, r.nameZh as rnameZh from menu m left join menu_role mr on m.id = mr.mid left join role r on mr.rid = r.id 
2020-04-19 15:25:48.396[main][main] DEBUG c.s.s.d.m.MenuMapper.getAllMenus - ==> Parameters: 
2020-04-19 15:25:48.451[main][main] DEBUG c.s.s.d.m.MenuMapper.getAllMenus - <==      Total: 3
2020-04-19 15:25:48.456[main][main] DEBUG c.s.s.d.m.MenuMapper.getAllMenus - ==>  Preparing: select m.*, r.id as rid, r.name as rname, r.nameZh as rnameZh from menu m left join menu_role mr on m.id = mr.mid left join role r on mr.rid = r.id 
2020-04-19 15:25:48.457[main][main] DEBUG c.s.s.d.m.MenuMapper.getAllMenus - ==> Parameters: 
2020-04-19 15:25:48.479[main][main] DEBUG c.s.s.d.m.MenuMapper.getAllMenus - <==      Total: 3
2020-04-19 15:25:48.484[main][main] DEBUG c.s.s.d.m.U.loadUserByUsername - ==>  Preparing: select * from user where username = ? 
2020-04-19 15:25:48.485[main][main] DEBUG c.s.s.d.m.U.loadUserByUsername - ==> Parameters: root(String)
2020-04-19 15:25:48.491[main][main] DEBUG c.s.s.d.m.U.loadUserByUsername - <==      Total: 1
2020-04-19 15:25:48.493[main][main] DEBUG c.s.s.d.m.U.getUserRolesById - ==>  Preparing: select * from role r left join user_role ur on r.id = ur.rid where ur.uid = ? 
2020-04-19 15:25:48.494[main][main] DEBUG c.s.s.d.m.U.getUserRolesById - ==> Parameters: 1(Integer)
2020-04-19 15:25:48.498[main][main] DEBUG c.s.s.d.m.U.getUserRolesById - <==      Total: 2
2020-04-19 15:25:48.533[SpringContextShutdownHook][SpringContextShutdownHook] INFO  o.s.s.c.ThreadPoolTaskExecutor - Shutting down ExecutorService 'applicationTaskExecutor'
2020-04-19 15:25:48.551[SpringContextShutdownHook][SpringContextShutdownHook] INFO  c.alibaba.druid.pool.DruidDataSource - {dataSource-1} closing ...
2020-04-19 15:25:48.563[SpringContextShutdownHook][SpringContextShutdownHook] INFO  c.alibaba.druid.pool.DruidDataSource - {dataSource-1} closed
