2020-04-08 20:34:39.073[main][main] INFO  o.s.b.t.c.SpringBootTestContextBootstrapper - Neither @ContextConfiguration nor @ContextHierarchy found for test class [com.spring.mybatis.xml.mapper.MessageMapperTest], using SpringBootContextLoader
2020-04-08 20:34:39.088[main][main] INFO  o.s.t.c.s.AbstractContextLoader - Could not detect default resource locations for test class [com.spring.mybatis.xml.mapper.MessageMapperTest]: no resource found for suffixes {-context.xml, Context.groovy}.
2020-04-08 20:34:39.090[main][main] INFO  o.s.t.c.s.AnnotationConfigContextLoaderUtils - Could not detect default configuration classes for test class [com.spring.mybatis.xml.mapper.MessageMapperTest]: MessageMapperTest does not declare any static, non-private, non-final, nested classes annotated with @Configuration.
2020-04-08 20:34:39.549[main][main] INFO  o.s.b.t.c.SpringBootTestContextBootstrapper - Found @SpringBootConfiguration com.spring.mybatis.xml.MybatisXmlDemoApplication for test class com.spring.mybatis.xml.mapper.MessageMapperTest
2020-04-08 20:34:39.792[main][main] INFO  o.s.b.t.c.SpringBootTestContextBootstrapper - Loaded default TestExecutionListener class names from location [META-INF/spring.factories]: [org.springframework.boot.test.mock.mockito.MockitoTestExecutionListener, org.springframework.boot.test.mock.mockito.ResetMocksTestExecutionListener, org.springframework.boot.test.autoconfigure.restdocs.RestDocsTestExecutionListener, org.springframework.boot.test.autoconfigure.web.client.MockRestServiceServerResetTestExecutionListener, org.springframework.boot.test.autoconfigure.web.servlet.MockMvcPrintOnlyOnFailureTestExecutionListener, org.springframework.boot.test.autoconfigure.web.servlet.WebDriverTestExecutionListener, org.springframework.test.context.web.ServletTestExecutionListener, org.springframework.test.context.support.DirtiesContextBeforeModesTestExecutionListener, org.springframework.test.context.support.DependencyInjectionTestExecutionListener, org.springframework.test.context.support.DirtiesContextTestExecutionListener, org.springframework.test.context.transaction.TransactionalTestExecutionListener, org.springframework.test.context.jdbc.SqlScriptsTestExecutionListener, org.springframework.test.context.event.EventPublishingTestExecutionListener]
2020-04-08 20:34:39.818[main][main] INFO  o.s.b.t.c.SpringBootTestContextBootstrapper - Using TestExecutionListeners: [org.springframework.test.context.support.DirtiesContextBeforeModesTestExecutionListener@78383390, org.springframework.boot.test.mock.mockito.MockitoTestExecutionListener@6ad3381f, org.springframework.boot.test.autoconfigure.SpringBootDependencyInjectionTestExecutionListener@53dbe163, org.springframework.test.context.support.DirtiesContextTestExecutionListener@db57326, org.springframework.test.context.transaction.TransactionalTestExecutionListener@34a875b3, org.springframework.test.context.jdbc.SqlScriptsTestExecutionListener@4748a0f9, org.springframework.test.context.event.EventPublishingTestExecutionListener@4b14918a, org.springframework.boot.test.mock.mockito.ResetMocksTestExecutionListener@6d1ef78d, org.springframework.boot.test.autoconfigure.restdocs.RestDocsTestExecutionListener@1a6c1270, org.springframework.boot.test.autoconfigure.web.client.MockRestServiceServerResetTestExecutionListener@18a136ac, org.springframework.boot.test.autoconfigure.web.servlet.MockMvcPrintOnlyOnFailureTestExecutionListener@77d67cf3, org.springframework.boot.test.autoconfigure.web.servlet.WebDriverTestExecutionListener@6dee4f1b]
2020-04-08 20:34:40.433[main][main] INFO  c.s.m.xml.mapper.MessageMapperTest - Starting MessageMapperTest on ZHA-HP with PID 137520 (started by zhayh in E:\02-back end\00-teaching\02-SpringBoot\02-code\awesome-spring-boot\chapter-7\mybatis-xml-demo)
2020-04-08 20:34:40.434[main][main] DEBUG c.s.m.xml.mapper.MessageMapperTest - Running with Spring Boot v2.2.6.RELEASE, Spring v5.2.5.RELEASE
2020-04-08 20:34:40.435[main][main] INFO  c.s.m.xml.mapper.MessageMapperTest - No active profile set, falling back to default profiles: default
2020-04-08 20:34:41.422[main][main] DEBUG org.apache.ibatis.logging.LogFactory - Logging initialized using 'class org.apache.ibatis.logging.slf4j.Slf4jImpl' adapter.
2020-04-08 20:34:43.105[main][main] INFO  c.s.m.xml.mapper.MessageMapperTest - Started MessageMapperTest in 3.224 seconds (JVM running for 6.105)
2020-04-08 20:34:43.901[main][main] INFO  com.zaxxer.hikari.HikariDataSource - HikariPool-1 - Starting...
2020-04-08 20:34:45.989[main][main] INFO  com.zaxxer.hikari.HikariDataSource - HikariPool-1 - Start completed.
2020-04-08 20:34:46.007[main][main] DEBUG c.s.m.x.mapper.MessageMapper.insert - ==>  Preparing: INSERT INTO message (msg_text, msg_summary) VALUES (?, ?) 
2020-04-08 20:34:46.098[main][main] DEBUG c.s.m.x.mapper.MessageMapper.insert - ==> Parameters: niit(String), 学校(String)
2020-04-08 20:34:46.113[main][main] DEBUG c.s.m.x.mapper.MessageMapper.insert - <==    Updates: 1
2020-04-08 20:34:46.117[main][main] INFO  c.s.m.xml.mapper.MessageMapperTest - 插入的数据条数： 1
2020-04-08 20:34:46.275[main][main] DEBUG c.s.m.x.m.MessageMapper.batchInsert - ==>  Preparing: INSERT INTO message (msg_text, msg_summary) VALUES (?, ?) , (?, ?) 
2020-04-08 20:34:46.278[main][main] DEBUG c.s.m.x.m.MessageMapper.batchInsert - ==> Parameters: apple(String), 水果(String), orange(String), 水果(String)
2020-04-08 20:34:46.318[main][main] DEBUG c.s.m.x.m.MessageMapper.batchInsert - <==    Updates: 2
2020-04-08 20:34:46.318[main][main] INFO  c.s.m.xml.mapper.MessageMapperTest - 插入的数据条数： 2
2020-04-08 20:34:46.329[main][main] DEBUG c.s.m.x.m.MessageMapper.selectAll - ==>  Preparing: SELECT msg_id, msg_text, msg_summary FROM message 
2020-04-08 20:34:46.330[main][main] DEBUG c.s.m.x.m.MessageMapper.selectAll - ==> Parameters: 
2020-04-08 20:34:46.433[main][main] DEBUG c.s.m.x.m.MessageMapper.selectAll - <==      Total: 10
2020-04-08 20:34:46.459[main][main] INFO  c.s.m.xml.mapper.MessageMapperTest - 查询到的记录： Message(msgId=1, msgText=computer, msgSummary=学校)
2020-04-08 20:34:46.459[main][main] INFO  c.s.m.xml.mapper.MessageMapperTest - 查询到的记录： Message(msgId=3, msgText=桃花, msgSummary=春天)
2020-04-08 20:34:46.460[main][main] INFO  c.s.m.xml.mapper.MessageMapperTest - 查询到的记录： Message(msgId=4, msgText=niit, msgSummary=学校)
2020-04-08 20:34:46.460[main][main] INFO  c.s.m.xml.mapper.MessageMapperTest - 查询到的记录： Message(msgId=5, msgText=niit, msgSummary=学校)
2020-04-08 20:34:46.463[main][main] INFO  c.s.m.xml.mapper.MessageMapperTest - 查询到的记录： Message(msgId=6, msgText=computer, msgSummary=学校)
2020-04-08 20:34:46.464[main][main] INFO  c.s.m.xml.mapper.MessageMapperTest - 查询到的记录： Message(msgId=7, msgText=apple, msgSummary=水果)
2020-04-08 20:34:46.465[main][main] INFO  c.s.m.xml.mapper.MessageMapperTest - 查询到的记录： Message(msgId=8, msgText=orange, msgSummary=水果)
2020-04-08 20:34:46.465[main][main] INFO  c.s.m.xml.mapper.MessageMapperTest - 查询到的记录： Message(msgId=9, msgText=niit, msgSummary=学校)
2020-04-08 20:34:46.466[main][main] INFO  c.s.m.xml.mapper.MessageMapperTest - 查询到的记录： Message(msgId=10, msgText=apple, msgSummary=水果)
2020-04-08 20:34:46.466[main][main] INFO  c.s.m.xml.mapper.MessageMapperTest - 查询到的记录： Message(msgId=11, msgText=orange, msgSummary=水果)
2020-04-08 20:34:46.493[main][main] DEBUG c.s.m.x.mapper.MessageMapper.update - ==>  Preparing: UPDATE message SET msg_text=?, msg_summary=? WHERE msg_id = ? 
2020-04-08 20:34:46.496[main][main] DEBUG c.s.m.x.mapper.MessageMapper.update - ==> Parameters: computer(String), 学校(String), 1(Integer)
2020-04-08 20:34:46.507[main][main] DEBUG c.s.m.x.mapper.MessageMapper.update - <==    Updates: 1
2020-04-08 20:34:46.508[main][main] INFO  c.s.m.xml.mapper.MessageMapperTest - 更新的数据条数： 1
2020-04-08 20:34:46.537[main][main] DEBUG c.s.m.x.m.MessageMapper.updateText - ==>  Preparing: UPDATE message SET msg_text=? WHERE msg_id = ? 
2020-04-08 20:34:46.538[main][main] DEBUG c.s.m.x.m.MessageMapper.updateText - ==> Parameters: computer(String), 2(Integer)
2020-04-08 20:34:46.549[main][main] DEBUG c.s.m.x.m.MessageMapper.updateText - <==    Updates: 0
2020-04-08 20:34:46.550[main][main] INFO  c.s.m.xml.mapper.MessageMapperTest - 更新Text的数据条数： 0
2020-04-08 20:34:46.574[main][main] DEBUG c.s.m.x.m.MessageMapper.selectById - ==>  Preparing: SELECT msg_id, msg_text, msg_summary FROM message WHERE msg_id=? 
2020-04-08 20:34:46.575[main][main] DEBUG c.s.m.x.m.MessageMapper.selectById - ==> Parameters: 1(Integer)
2020-04-08 20:34:46.577[main][main] DEBUG c.s.m.x.m.MessageMapper.selectById - <==      Total: 1
2020-04-08 20:34:46.578[main][main] INFO  c.s.m.xml.mapper.MessageMapperTest - id为1的数据： Message(msgId=1, msgText=computer, msgSummary=学校)
2020-04-08 20:34:46.586[main][main] DEBUG c.s.m.x.mapper.MessageMapper.delete - ==>  Preparing: DELETE FROM message WHERE msg_id=? 
2020-04-08 20:34:46.588[main][main] DEBUG c.s.m.x.mapper.MessageMapper.delete - ==> Parameters: 1(Integer)
2020-04-08 20:34:46.597[main][main] DEBUG c.s.m.x.mapper.MessageMapper.delete - <==    Updates: 1
2020-04-08 20:34:46.598[main][main] INFO  c.s.m.xml.mapper.MessageMapperTest - 删除的数据条数： 1
2020-04-08 20:34:46.621[SpringContextShutdownHook][SpringContextShutdownHook] INFO  com.zaxxer.hikari.HikariDataSource - HikariPool-1 - Shutdown initiated...
2020-04-08 20:34:46.644[SpringContextShutdownHook][SpringContextShutdownHook] INFO  com.zaxxer.hikari.HikariDataSource - HikariPool-1 - Shutdown completed.
2020-04-08 20:39:00.406[main][main] INFO  o.s.b.t.c.SpringBootTestContextBootstrapper - Neither @ContextConfiguration nor @ContextHierarchy found for test class [com.spring.mybatis.xml.mapper.MessageMapperTest], using SpringBootContextLoader
2020-04-08 20:39:00.417[main][main] INFO  o.s.t.c.s.AbstractContextLoader - Could not detect default resource locations for test class [com.spring.mybatis.xml.mapper.MessageMapperTest]: no resource found for suffixes {-context.xml, Context.groovy}.
2020-04-08 20:39:00.418[main][main] INFO  o.s.t.c.s.AnnotationConfigContextLoaderUtils - Could not detect default configuration classes for test class [com.spring.mybatis.xml.mapper.MessageMapperTest]: MessageMapperTest does not declare any static, non-private, non-final, nested classes annotated with @Configuration.
2020-04-08 20:39:00.636[main][main] INFO  o.s.b.t.c.SpringBootTestContextBootstrapper - Found @SpringBootConfiguration com.spring.mybatis.xml.MybatisXmlDemoApplication for test class com.spring.mybatis.xml.mapper.MessageMapperTest
2020-04-08 20:39:00.799[main][main] INFO  o.s.b.t.c.SpringBootTestContextBootstrapper - Loaded default TestExecutionListener class names from location [META-INF/spring.factories]: [org.springframework.boot.test.mock.mockito.MockitoTestExecutionListener, org.springframework.boot.test.mock.mockito.ResetMocksTestExecutionListener, org.springframework.boot.test.autoconfigure.restdocs.RestDocsTestExecutionListener, org.springframework.boot.test.autoconfigure.web.client.MockRestServiceServerResetTestExecutionListener, org.springframework.boot.test.autoconfigure.web.servlet.MockMvcPrintOnlyOnFailureTestExecutionListener, org.springframework.boot.test.autoconfigure.web.servlet.WebDriverTestExecutionListener, org.springframework.test.context.web.ServletTestExecutionListener, org.springframework.test.context.support.DirtiesContextBeforeModesTestExecutionListener, org.springframework.test.context.support.DependencyInjectionTestExecutionListener, org.springframework.test.context.support.DirtiesContextTestExecutionListener, org.springframework.test.context.transaction.TransactionalTestExecutionListener, org.springframework.test.context.jdbc.SqlScriptsTestExecutionListener, org.springframework.test.context.event.EventPublishingTestExecutionListener]
2020-04-08 20:39:00.824[main][main] INFO  o.s.b.t.c.SpringBootTestContextBootstrapper - Using TestExecutionListeners: [org.springframework.test.context.support.DirtiesContextBeforeModesTestExecutionListener@3568f9d2, org.springframework.boot.test.mock.mockito.MockitoTestExecutionListener@71c27ee8, org.springframework.boot.test.autoconfigure.SpringBootDependencyInjectionTestExecutionListener@3e7dd664, org.springframework.test.context.support.DirtiesContextTestExecutionListener@5b1ebf56, org.springframework.test.context.transaction.TransactionalTestExecutionListener@294a6b8e, org.springframework.test.context.jdbc.SqlScriptsTestExecutionListener@4b1d6571, org.springframework.test.context.event.EventPublishingTestExecutionListener@1b835480, org.springframework.boot.test.mock.mockito.ResetMocksTestExecutionListener@3549bca9, org.springframework.boot.test.autoconfigure.restdocs.RestDocsTestExecutionListener@4f25b795, org.springframework.boot.test.autoconfigure.web.client.MockRestServiceServerResetTestExecutionListener@6fb365ed, org.springframework.boot.test.autoconfigure.web.servlet.MockMvcPrintOnlyOnFailureTestExecutionListener@6e950bcf, org.springframework.boot.test.autoconfigure.web.servlet.WebDriverTestExecutionListener@16414e40]
2020-04-08 20:39:01.399[main][main] INFO  c.s.m.xml.mapper.MessageMapperTest - Starting MessageMapperTest on ZHA-HP with PID 137060 (started by zhayh in E:\02-back end\00-teaching\02-SpringBoot\02-code\awesome-spring-boot\chapter-7\mybatis-xml-demo)
2020-04-08 20:39:01.400[main][main] DEBUG c.s.m.xml.mapper.MessageMapperTest - Running with Spring Boot v2.2.6.RELEASE, Spring v5.2.5.RELEASE
2020-04-08 20:39:01.403[main][main] INFO  c.s.m.xml.mapper.MessageMapperTest - No active profile set, falling back to default profiles: default
2020-04-08 20:39:02.398[main][main] DEBUG org.apache.ibatis.logging.LogFactory - Logging initialized using 'class org.apache.ibatis.logging.slf4j.Slf4jImpl' adapter.
2020-04-08 20:39:04.154[main][main] INFO  c.s.m.xml.mapper.MessageMapperTest - Started MessageMapperTest in 3.275 seconds (JVM running for 6.122)
2020-04-08 20:39:05.044[main][main] INFO  com.zaxxer.hikari.HikariDataSource - HikariPool-1 - Starting...
2020-04-08 20:39:07.225[main][main] INFO  com.zaxxer.hikari.HikariDataSource - HikariPool-1 - Start completed.
2020-04-08 20:39:07.247[main][main] DEBUG c.s.m.x.mapper.MessageMapper.insert - ==>  Preparing: INSERT INTO message (msg_text, msg_summary) VALUES (?, ?) 
2020-04-08 20:39:07.373[main][main] DEBUG c.s.m.x.mapper.MessageMapper.insert - ==> Parameters: niit(String), 学校(String)
2020-04-08 20:39:07.382[main][main] DEBUG c.s.m.x.mapper.MessageMapper.insert - <==    Updates: 1
2020-04-08 20:39:07.386[main][main] INFO  c.s.m.xml.mapper.MessageMapperTest - 插入的数据条数： 1
2020-04-08 20:39:07.710[main][main] DEBUG c.s.m.x.m.MessageMapper.batchInsert - ==>  Preparing: INSERT INTO message (msg_text, msg_summary) VALUES (?, ?) , (?, ?) 
2020-04-08 20:39:07.721[main][main] DEBUG c.s.m.x.m.MessageMapper.batchInsert - ==> Parameters: apple(String), 水果(String), orange(String), 水果(String)
2020-04-08 20:39:07.870[main][main] DEBUG c.s.m.x.m.MessageMapper.batchInsert - <==    Updates: 2
2020-04-08 20:39:07.870[main][main] INFO  c.s.m.xml.mapper.MessageMapperTest - 插入的数据条数： 2
2020-04-08 20:39:07.884[main][main] DEBUG c.s.m.x.m.MessageMapper.selectAll - ==>  Preparing: SELECT msg_id, msg_text, msg_summary FROM message 
2020-04-08 20:39:07.885[main][main] DEBUG c.s.m.x.m.MessageMapper.selectAll - ==> Parameters: 
2020-04-08 20:39:08.026[main][main] DEBUG c.s.m.x.m.MessageMapper.selectAll - <==      Total: 14
2020-04-08 20:39:08.042[main][main] INFO  c.s.m.xml.mapper.MessageMapperTest - 查询到的记录： Message(msgId=3, msgText=桃花, msgSummary=春天)
2020-04-08 20:39:08.043[main][main] INFO  c.s.m.xml.mapper.MessageMapperTest - 查询到的记录： Message(msgId=4, msgText=niit, msgSummary=学校)
2020-04-08 20:39:08.047[main][main] INFO  c.s.m.xml.mapper.MessageMapperTest - 查询到的记录： Message(msgId=5, msgText=niit, msgSummary=学校)
2020-04-08 20:39:08.047[main][main] INFO  c.s.m.xml.mapper.MessageMapperTest - 查询到的记录： Message(msgId=6, msgText=computer, msgSummary=学校)
2020-04-08 20:39:08.048[main][main] INFO  c.s.m.xml.mapper.MessageMapperTest - 查询到的记录： Message(msgId=7, msgText=apple, msgSummary=水果)
2020-04-08 20:39:08.048[main][main] INFO  c.s.m.xml.mapper.MessageMapperTest - 查询到的记录： Message(msgId=8, msgText=orange, msgSummary=水果)
2020-04-08 20:39:08.048[main][main] INFO  c.s.m.xml.mapper.MessageMapperTest - 查询到的记录： Message(msgId=9, msgText=niit, msgSummary=学校)
2020-04-08 20:39:08.048[main][main] INFO  c.s.m.xml.mapper.MessageMapperTest - 查询到的记录： Message(msgId=10, msgText=apple, msgSummary=水果)
2020-04-08 20:39:08.049[main][main] INFO  c.s.m.xml.mapper.MessageMapperTest - 查询到的记录： Message(msgId=11, msgText=orange, msgSummary=水果)
2020-04-08 20:39:08.049[main][main] INFO  c.s.m.xml.mapper.MessageMapperTest - 查询到的记录： Message(msgId=12, msgText=orange, msgSummary=水果)
2020-04-08 20:39:08.049[main][main] INFO  c.s.m.xml.mapper.MessageMapperTest - 查询到的记录： Message(msgId=13, msgText=orange, msgSummary=水果)
2020-04-08 20:39:08.049[main][main] INFO  c.s.m.xml.mapper.MessageMapperTest - 查询到的记录： Message(msgId=14, msgText=niit, msgSummary=学校)
2020-04-08 20:39:08.050[main][main] INFO  c.s.m.xml.mapper.MessageMapperTest - 查询到的记录： Message(msgId=15, msgText=apple, msgSummary=水果)
2020-04-08 20:39:08.051[main][main] INFO  c.s.m.xml.mapper.MessageMapperTest - 查询到的记录： Message(msgId=16, msgText=orange, msgSummary=水果)
2020-04-08 20:39:08.081[main][main] DEBUG c.s.m.x.mapper.MessageMapper.update - ==>  Preparing: UPDATE message SET msg_text=?, msg_summary=? WHERE msg_id = ? 
2020-04-08 20:39:08.082[main][main] DEBUG c.s.m.x.mapper.MessageMapper.update - ==> Parameters: computer(String), 学校(String), 1(Integer)
2020-04-08 20:39:08.085[main][main] DEBUG c.s.m.x.mapper.MessageMapper.update - <==    Updates: 0
2020-04-08 20:39:08.085[main][main] INFO  c.s.m.xml.mapper.MessageMapperTest - 更新的数据条数： 0
2020-04-08 20:39:08.094[main][main] DEBUG c.s.m.x.m.MessageMapper.updateText - ==>  Preparing: UPDATE message SET msg_text=? WHERE msg_id = ? 
2020-04-08 20:39:08.095[main][main] DEBUG c.s.m.x.m.MessageMapper.updateText - ==> Parameters: computer(String), 2(Integer)
2020-04-08 20:39:08.097[main][main] DEBUG c.s.m.x.m.MessageMapper.updateText - <==    Updates: 0
2020-04-08 20:39:08.097[main][main] INFO  c.s.m.xml.mapper.MessageMapperTest - 更新Text的数据条数： 0
2020-04-08 20:39:08.106[main][main] DEBUG c.s.m.x.m.MessageMapper.selectById - ==>  Preparing: SELECT msg_id, msg_text, msg_summary FROM message WHERE msg_id=? 
2020-04-08 20:39:08.106[main][main] DEBUG c.s.m.x.m.MessageMapper.selectById - ==> Parameters: 1(Integer)
2020-04-08 20:39:08.108[main][main] DEBUG c.s.m.x.m.MessageMapper.selectById - <==      Total: 0
2020-04-08 20:39:08.109[main][main] INFO  c.s.m.xml.mapper.MessageMapperTest - id为1的数据： null
2020-04-08 20:39:08.116[main][main] DEBUG c.s.m.x.mapper.MessageMapper.delete - ==>  Preparing: DELETE FROM message WHERE msg_id=? 
2020-04-08 20:39:08.117[main][main] DEBUG c.s.m.x.mapper.MessageMapper.delete - ==> Parameters: 1(Integer)
2020-04-08 20:39:08.118[main][main] DEBUG c.s.m.x.mapper.MessageMapper.delete - <==    Updates: 0
2020-04-08 20:39:08.119[main][main] INFO  c.s.m.xml.mapper.MessageMapperTest - 删除的数据条数： 0
2020-04-08 20:39:08.136[SpringContextShutdownHook][SpringContextShutdownHook] INFO  com.zaxxer.hikari.HikariDataSource - HikariPool-1 - Shutdown initiated...
2020-04-08 20:39:08.156[SpringContextShutdownHook][SpringContextShutdownHook] INFO  com.zaxxer.hikari.HikariDataSource - HikariPool-1 - Shutdown completed.
2020-04-08 21:01:34.512[main][main] INFO  o.s.b.t.c.SpringBootTestContextBootstrapper - Neither @ContextConfiguration nor @ContextHierarchy found for test class [com.spring.mybatis.xml.mapper.MessageMapperTest], using SpringBootContextLoader
2020-04-08 21:01:34.524[main][main] INFO  o.s.t.c.s.AbstractContextLoader - Could not detect default resource locations for test class [com.spring.mybatis.xml.mapper.MessageMapperTest]: no resource found for suffixes {-context.xml, Context.groovy}.
2020-04-08 21:01:34.526[main][main] INFO  o.s.t.c.s.AnnotationConfigContextLoaderUtils - Could not detect default configuration classes for test class [com.spring.mybatis.xml.mapper.MessageMapperTest]: MessageMapperTest does not declare any static, non-private, non-final, nested classes annotated with @Configuration.
2020-04-08 21:01:34.761[main][main] INFO  o.s.b.t.c.SpringBootTestContextBootstrapper - Found @SpringBootConfiguration com.spring.mybatis.xml.MybatisXmlDemoApplication for test class com.spring.mybatis.xml.mapper.MessageMapperTest
2020-04-08 21:01:34.917[main][main] INFO  o.s.b.t.c.SpringBootTestContextBootstrapper - Loaded default TestExecutionListener class names from location [META-INF/spring.factories]: [org.springframework.boot.test.mock.mockito.MockitoTestExecutionListener, org.springframework.boot.test.mock.mockito.ResetMocksTestExecutionListener, org.springframework.boot.test.autoconfigure.restdocs.RestDocsTestExecutionListener, org.springframework.boot.test.autoconfigure.web.client.MockRestServiceServerResetTestExecutionListener, org.springframework.boot.test.autoconfigure.web.servlet.MockMvcPrintOnlyOnFailureTestExecutionListener, org.springframework.boot.test.autoconfigure.web.servlet.WebDriverTestExecutionListener, org.springframework.test.context.web.ServletTestExecutionListener, org.springframework.test.context.support.DirtiesContextBeforeModesTestExecutionListener, org.springframework.test.context.support.DependencyInjectionTestExecutionListener, org.springframework.test.context.support.DirtiesContextTestExecutionListener, org.springframework.test.context.transaction.TransactionalTestExecutionListener, org.springframework.test.context.jdbc.SqlScriptsTestExecutionListener, org.springframework.test.context.event.EventPublishingTestExecutionListener]
2020-04-08 21:01:34.939[main][main] INFO  o.s.b.t.c.SpringBootTestContextBootstrapper - Using TestExecutionListeners: [org.springframework.test.context.support.DirtiesContextBeforeModesTestExecutionListener@4eb386df, org.springframework.boot.test.mock.mockito.MockitoTestExecutionListener@79517588, org.springframework.boot.test.autoconfigure.SpringBootDependencyInjectionTestExecutionListener@3a0baae5, org.springframework.test.context.support.DirtiesContextTestExecutionListener@7ac0e420, org.springframework.test.context.transaction.TransactionalTestExecutionListener@289710d9, org.springframework.test.context.jdbc.SqlScriptsTestExecutionListener@5a18cd76, org.springframework.test.context.event.EventPublishingTestExecutionListener@3da30852, org.springframework.boot.test.mock.mockito.ResetMocksTestExecutionListener@403f0a22, org.springframework.boot.test.autoconfigure.restdocs.RestDocsTestExecutionListener@503ecb24, org.springframework.boot.test.autoconfigure.web.client.MockRestServiceServerResetTestExecutionListener@4c51cf28, org.springframework.boot.test.autoconfigure.web.servlet.MockMvcPrintOnlyOnFailureTestExecutionListener@6995bf68, org.springframework.boot.test.autoconfigure.web.servlet.WebDriverTestExecutionListener@5143c662]
2020-04-08 21:01:35.484[main][main] INFO  c.s.m.xml.mapper.MessageMapperTest - Starting MessageMapperTest on ZHA-HP with PID 139888 (started by zhayh in E:\02-back end\00-teaching\02-SpringBoot\02-code\awesome-spring-boot\chapter-7\mybatis-xml-demo)
2020-04-08 21:01:35.487[main][main] DEBUG c.s.m.xml.mapper.MessageMapperTest - Running with Spring Boot v2.2.6.RELEASE, Spring v5.2.5.RELEASE
2020-04-08 21:01:35.490[main][main] INFO  c.s.m.xml.mapper.MessageMapperTest - No active profile set, falling back to default profiles: default
2020-04-08 21:01:36.314[main][main] DEBUG org.apache.ibatis.logging.LogFactory - Logging initialized using 'class org.apache.ibatis.logging.slf4j.Slf4jImpl' adapter.
2020-04-08 21:01:37.876[main][main] INFO  c.s.m.xml.mapper.MessageMapperTest - Started MessageMapperTest in 2.877 seconds (JVM running for 5.391)
2020-04-08 21:01:38.851[main][main] INFO  com.zaxxer.hikari.HikariDataSource - HikariPool-1 - Starting...
2020-04-08 21:01:41.774[main][main] INFO  com.zaxxer.hikari.HikariDataSource - HikariPool-1 - Start completed.
2020-04-08 21:01:41.793[main][main] DEBUG c.s.m.x.m.M.selectByCondition - ==>  Preparing: select * from message WHERE msg_summary = ? 
2020-04-08 21:01:41.876[main][main] DEBUG c.s.m.x.m.M.selectByCondition - ==> Parameters: 学校(String)
2020-04-08 21:01:42.004[main][main] DEBUG c.s.m.x.m.M.selectByCondition - <==      Total: 5
2020-04-08 21:01:42.015[main][main] INFO  c.s.m.xml.mapper.MessageMapperTest - 查询的数据： Message(msgId=4, msgText=niit, msgSummary=学校)
2020-04-08 21:01:42.016[main][main] INFO  c.s.m.xml.mapper.MessageMapperTest - 查询的数据： Message(msgId=5, msgText=niit, msgSummary=学校)
2020-04-08 21:01:42.017[main][main] INFO  c.s.m.xml.mapper.MessageMapperTest - 查询的数据： Message(msgId=6, msgText=computer, msgSummary=学校)
2020-04-08 21:01:42.017[main][main] INFO  c.s.m.xml.mapper.MessageMapperTest - 查询的数据： Message(msgId=9, msgText=niit, msgSummary=学校)
2020-04-08 21:01:42.018[main][main] INFO  c.s.m.xml.mapper.MessageMapperTest - 查询的数据： Message(msgId=14, msgText=niit, msgSummary=学校)
2020-04-08 21:01:42.242[SpringContextShutdownHook][SpringContextShutdownHook] INFO  com.zaxxer.hikari.HikariDataSource - HikariPool-1 - Shutdown initiated...
2020-04-08 21:01:42.382[SpringContextShutdownHook][SpringContextShutdownHook] INFO  com.zaxxer.hikari.HikariDataSource - HikariPool-1 - Shutdown completed.
2020-04-08 21:02:10.594[main][main] INFO  o.s.b.t.c.SpringBootTestContextBootstrapper - Neither @ContextConfiguration nor @ContextHierarchy found for test class [com.spring.mybatis.xml.mapper.MessageMapperTest], using SpringBootContextLoader
2020-04-08 21:02:10.608[main][main] INFO  o.s.t.c.s.AbstractContextLoader - Could not detect default resource locations for test class [com.spring.mybatis.xml.mapper.MessageMapperTest]: no resource found for suffixes {-context.xml, Context.groovy}.
2020-04-08 21:02:10.610[main][main] INFO  o.s.t.c.s.AnnotationConfigContextLoaderUtils - Could not detect default configuration classes for test class [com.spring.mybatis.xml.mapper.MessageMapperTest]: MessageMapperTest does not declare any static, non-private, non-final, nested classes annotated with @Configuration.
2020-04-08 21:02:10.843[main][main] INFO  o.s.b.t.c.SpringBootTestContextBootstrapper - Found @SpringBootConfiguration com.spring.mybatis.xml.MybatisXmlDemoApplication for test class com.spring.mybatis.xml.mapper.MessageMapperTest
2020-04-08 21:02:10.999[main][main] INFO  o.s.b.t.c.SpringBootTestContextBootstrapper - Loaded default TestExecutionListener class names from location [META-INF/spring.factories]: [org.springframework.boot.test.mock.mockito.MockitoTestExecutionListener, org.springframework.boot.test.mock.mockito.ResetMocksTestExecutionListener, org.springframework.boot.test.autoconfigure.restdocs.RestDocsTestExecutionListener, org.springframework.boot.test.autoconfigure.web.client.MockRestServiceServerResetTestExecutionListener, org.springframework.boot.test.autoconfigure.web.servlet.MockMvcPrintOnlyOnFailureTestExecutionListener, org.springframework.boot.test.autoconfigure.web.servlet.WebDriverTestExecutionListener, org.springframework.test.context.web.ServletTestExecutionListener, org.springframework.test.context.support.DirtiesContextBeforeModesTestExecutionListener, org.springframework.test.context.support.DependencyInjectionTestExecutionListener, org.springframework.test.context.support.DirtiesContextTestExecutionListener, org.springframework.test.context.transaction.TransactionalTestExecutionListener, org.springframework.test.context.jdbc.SqlScriptsTestExecutionListener, org.springframework.test.context.event.EventPublishingTestExecutionListener]
2020-04-08 21:02:11.023[main][main] INFO  o.s.b.t.c.SpringBootTestContextBootstrapper - Using TestExecutionListeners: [org.springframework.test.context.support.DirtiesContextBeforeModesTestExecutionListener@403f0a22, org.springframework.boot.test.mock.mockito.MockitoTestExecutionListener@503ecb24, org.springframework.boot.test.autoconfigure.SpringBootDependencyInjectionTestExecutionListener@4c51cf28, org.springframework.test.context.support.DirtiesContextTestExecutionListener@6995bf68, org.springframework.test.context.transaction.TransactionalTestExecutionListener@5143c662, org.springframework.test.context.jdbc.SqlScriptsTestExecutionListener@77825085, org.springframework.test.context.event.EventPublishingTestExecutionListener@3568f9d2, org.springframework.boot.test.mock.mockito.ResetMocksTestExecutionListener@71c27ee8, org.springframework.boot.test.autoconfigure.restdocs.RestDocsTestExecutionListener@3e7dd664, org.springframework.boot.test.autoconfigure.web.client.MockRestServiceServerResetTestExecutionListener@5b1ebf56, org.springframework.boot.test.autoconfigure.web.servlet.MockMvcPrintOnlyOnFailureTestExecutionListener@294a6b8e, org.springframework.boot.test.autoconfigure.web.servlet.WebDriverTestExecutionListener@4b1d6571]
2020-04-08 21:02:11.626[main][main] INFO  c.s.m.xml.mapper.MessageMapperTest - Starting MessageMapperTest on ZHA-HP with PID 141328 (started by zhayh in E:\02-back end\00-teaching\02-SpringBoot\02-code\awesome-spring-boot\chapter-7\mybatis-xml-demo)
2020-04-08 21:02:11.627[main][main] DEBUG c.s.m.xml.mapper.MessageMapperTest - Running with Spring Boot v2.2.6.RELEASE, Spring v5.2.5.RELEASE
2020-04-08 21:02:11.629[main][main] INFO  c.s.m.xml.mapper.MessageMapperTest - No active profile set, falling back to default profiles: default
2020-04-08 21:02:12.381[main][main] DEBUG org.apache.ibatis.logging.LogFactory - Logging initialized using 'class org.apache.ibatis.logging.slf4j.Slf4jImpl' adapter.
2020-04-08 21:02:14.046[main][main] INFO  c.s.m.xml.mapper.MessageMapperTest - Started MessageMapperTest in 2.958 seconds (JVM running for 5.218)
2020-04-08 21:02:14.884[main][main] INFO  com.zaxxer.hikari.HikariDataSource - HikariPool-1 - Starting...
2020-04-08 21:02:16.998[main][main] INFO  com.zaxxer.hikari.HikariDataSource - HikariPool-1 - Start completed.
2020-04-08 21:02:17.022[main][main] DEBUG c.s.m.x.m.M.selectByCondition - ==>  Preparing: select * from message WHERE msg_text like concat('%', ?, '%') and msg_summary = ? 
2020-04-08 21:02:17.092[main][main] DEBUG c.s.m.x.m.M.selectByCondition - ==> Parameters: niit(String), 学校(String)
2020-04-08 21:02:17.159[main][main] DEBUG c.s.m.x.m.M.selectByCondition - <==      Total: 4
2020-04-08 21:02:17.173[main][main] INFO  c.s.m.xml.mapper.MessageMapperTest - 查询的数据： Message(msgId=4, msgText=niit, msgSummary=学校)
2020-04-08 21:02:17.174[main][main] INFO  c.s.m.xml.mapper.MessageMapperTest - 查询的数据： Message(msgId=5, msgText=niit, msgSummary=学校)
2020-04-08 21:02:17.178[main][main] INFO  c.s.m.xml.mapper.MessageMapperTest - 查询的数据： Message(msgId=9, msgText=niit, msgSummary=学校)
2020-04-08 21:02:17.182[main][main] INFO  c.s.m.xml.mapper.MessageMapperTest - 查询的数据： Message(msgId=14, msgText=niit, msgSummary=学校)
2020-04-08 21:02:17.269[SpringContextShutdownHook][SpringContextShutdownHook] INFO  com.zaxxer.hikari.HikariDataSource - HikariPool-1 - Shutdown initiated...
2020-04-08 21:02:17.347[SpringContextShutdownHook][SpringContextShutdownHook] INFO  com.zaxxer.hikari.HikariDataSource - HikariPool-1 - Shutdown completed.
