2020-04-07 10:35:28.442[main][main] INFO  o.s.b.t.c.SpringBootTestContextBootstrapper - Neither @ContextConfiguration nor @ContextHierarchy found for test class [com.spring.mybatis.xml.mapper.MessageMapperTest], using SpringBootContextLoader
2020-04-07 10:35:28.466[main][main] INFO  o.s.t.c.s.AbstractContextLoader - Could not detect default resource locations for test class [com.spring.mybatis.xml.mapper.MessageMapperTest]: no resource found for suffixes {-context.xml, Context.groovy}.
2020-04-07 10:35:28.467[main][main] INFO  o.s.t.c.s.AnnotationConfigContextLoaderUtils - Could not detect default configuration classes for test class [com.spring.mybatis.xml.mapper.MessageMapperTest]: MessageMapperTest does not declare any static, non-private, non-final, nested classes annotated with @Configuration.
2020-04-07 10:35:28.931[main][main] INFO  o.s.b.t.c.SpringBootTestContextBootstrapper - Found @SpringBootConfiguration com.spring.mybatis.xml.MybatisXmlDemoApplication for test class com.spring.mybatis.xml.mapper.MessageMapperTest
2020-04-07 10:35:29.250[main][main] INFO  o.s.b.t.c.SpringBootTestContextBootstrapper - Loaded default TestExecutionListener class names from location [META-INF/spring.factories]: [org.springframework.boot.test.mock.mockito.MockitoTestExecutionListener, org.springframework.boot.test.mock.mockito.ResetMocksTestExecutionListener, org.springframework.boot.test.autoconfigure.restdocs.RestDocsTestExecutionListener, org.springframework.boot.test.autoconfigure.web.client.MockRestServiceServerResetTestExecutionListener, org.springframework.boot.test.autoconfigure.web.servlet.MockMvcPrintOnlyOnFailureTestExecutionListener, org.springframework.boot.test.autoconfigure.web.servlet.WebDriverTestExecutionListener, org.springframework.test.context.web.ServletTestExecutionListener, org.springframework.test.context.support.DirtiesContextBeforeModesTestExecutionListener, org.springframework.test.context.support.DependencyInjectionTestExecutionListener, org.springframework.test.context.support.DirtiesContextTestExecutionListener, org.springframework.test.context.transaction.TransactionalTestExecutionListener, org.springframework.test.context.jdbc.SqlScriptsTestExecutionListener, org.springframework.test.context.event.EventPublishingTestExecutionListener]
2020-04-07 10:35:29.301[main][main] INFO  o.s.b.t.c.SpringBootTestContextBootstrapper - Using TestExecutionListeners: [org.springframework.test.context.support.DirtiesContextBeforeModesTestExecutionListener@6e950bcf, org.springframework.boot.test.mock.mockito.MockitoTestExecutionListener@16414e40, org.springframework.boot.test.autoconfigure.SpringBootDependencyInjectionTestExecutionListener@74bada02, org.springframework.test.context.support.DirtiesContextTestExecutionListener@525575, org.springframework.test.context.transaction.TransactionalTestExecutionListener@46dffdc3, org.springframework.test.context.jdbc.SqlScriptsTestExecutionListener@5a709816, org.springframework.test.context.event.EventPublishingTestExecutionListener@78383390, org.springframework.boot.test.mock.mockito.ResetMocksTestExecutionListener@6ad3381f, org.springframework.boot.test.autoconfigure.restdocs.RestDocsTestExecutionListener@53dbe163, org.springframework.boot.test.autoconfigure.web.client.MockRestServiceServerResetTestExecutionListener@db57326, org.springframework.boot.test.autoconfigure.web.servlet.MockMvcPrintOnlyOnFailureTestExecutionListener@34a875b3, org.springframework.boot.test.autoconfigure.web.servlet.WebDriverTestExecutionListener@4748a0f9]
2020-04-07 10:35:30.294[main][main] INFO  c.s.m.xml.mapper.MessageMapperTest - Starting MessageMapperTest on ZHA-HP with PID 81644 (started by zhayh in E:\02-back end\00-teaching\02-SpringBoot\02-code\awesome-spring-boot\chapter-7\mybatis-xml-demo)
2020-04-07 10:35:30.296[main][main] DEBUG c.s.m.xml.mapper.MessageMapperTest - Running with Spring Boot v2.2.6.RELEASE, Spring v5.2.5.RELEASE
2020-04-07 10:35:30.321[main][main] INFO  c.s.m.xml.mapper.MessageMapperTest - No active profile set, falling back to default profiles: default
2020-04-07 10:35:31.735[main][main] DEBUG org.apache.ibatis.logging.LogFactory - Logging initialized using 'class org.apache.ibatis.logging.slf4j.Slf4jImpl' adapter.
2020-04-07 10:35:34.861[main][main] INFO  c.s.m.xml.mapper.MessageMapperTest - Started MessageMapperTest in 5.445 seconds (JVM running for 9.835)
2020-04-07 10:35:36.032[main][main] INFO  com.zaxxer.hikari.HikariDataSource - HikariPool-1 - Starting...
2020-04-07 10:35:39.806[main][main] INFO  com.zaxxer.hikari.HikariDataSource - HikariPool-1 - Start completed.
2020-04-07 10:35:39.853[main][main] DEBUG c.s.m.x.m.MessageMapper.selectAll - ==>  Preparing: SELECT msg_id, msg_text, msg_summary FROM message 
2020-04-07 10:35:39.964[main][main] DEBUG c.s.m.x.m.MessageMapper.selectAll - ==> Parameters: 
2020-04-07 10:35:40.148[main][main] DEBUG c.s.m.x.m.MessageMapper.selectAll - <==      Total: 2
2020-04-07 10:35:40.176[main][main] INFO  c.s.m.xml.mapper.MessageMapperTest - 查询的数据： Message(msgId=1, msgText=樱花, msgSummary=春天)
2020-04-07 10:35:40.245[main][main] INFO  c.s.m.xml.mapper.MessageMapperTest - 查询的数据： Message(msgId=2, msgText=桃花, msgSummary=春天)
2020-04-07 10:35:40.421[SpringContextShutdownHook][SpringContextShutdownHook] INFO  com.zaxxer.hikari.HikariDataSource - HikariPool-1 - Shutdown initiated...
2020-04-07 10:35:40.467[SpringContextShutdownHook][SpringContextShutdownHook] INFO  com.zaxxer.hikari.HikariDataSource - HikariPool-1 - Shutdown completed.
