2020-04-06 20:43:24.934[main][main] INFO  o.s.b.t.c.SpringBootTestContextBootstrapper - Neither @ContextConfiguration nor @ContextHierarchy found for test class [com.mybatis.annotation.mapper.MessageMapperTest], using SpringBootContextLoader
2020-04-06 20:43:24.946[main][main] INFO  o.s.t.c.s.AbstractContextLoader - Could not detect default resource locations for test class [com.mybatis.annotation.mapper.MessageMapperTest]: no resource found for suffixes {-context.xml, Context.groovy}.
2020-04-06 20:43:24.948[main][main] INFO  o.s.t.c.s.AnnotationConfigContextLoaderUtils - Could not detect default configuration classes for test class [com.mybatis.annotation.mapper.MessageMapperTest]: MessageMapperTest does not declare any static, non-private, non-final, nested classes annotated with @Configuration.
2020-04-06 20:43:25.213[main][main] INFO  o.s.b.t.c.SpringBootTestContextBootstrapper - Found @SpringBootConfiguration com.mybatis.annotation.MybatisAnnotationDemoApplication for test class com.mybatis.annotation.mapper.MessageMapperTest
2020-04-06 20:43:25.390[main][main] INFO  o.s.b.t.c.SpringBootTestContextBootstrapper - Loaded default TestExecutionListener class names from location [META-INF/spring.factories]: [org.springframework.boot.test.mock.mockito.MockitoTestExecutionListener, org.springframework.boot.test.mock.mockito.ResetMocksTestExecutionListener, org.springframework.boot.test.autoconfigure.restdocs.RestDocsTestExecutionListener, org.springframework.boot.test.autoconfigure.web.client.MockRestServiceServerResetTestExecutionListener, org.springframework.boot.test.autoconfigure.web.servlet.MockMvcPrintOnlyOnFailureTestExecutionListener, org.springframework.boot.test.autoconfigure.web.servlet.WebDriverTestExecutionListener, org.springframework.test.context.web.ServletTestExecutionListener, org.springframework.test.context.support.DirtiesContextBeforeModesTestExecutionListener, org.springframework.test.context.support.DependencyInjectionTestExecutionListener, org.springframework.test.context.support.DirtiesContextTestExecutionListener, org.springframework.test.context.transaction.TransactionalTestExecutionListener, org.springframework.test.context.jdbc.SqlScriptsTestExecutionListener, org.springframework.test.context.event.EventPublishingTestExecutionListener]
2020-04-06 20:43:25.415[main][main] INFO  o.s.b.t.c.SpringBootTestContextBootstrapper - Using TestExecutionListeners: [org.springframework.test.context.support.DirtiesContextBeforeModesTestExecutionListener@1941a8ff, org.springframework.boot.test.mock.mockito.MockitoTestExecutionListener@22d7b4f8, org.springframework.boot.test.autoconfigure.SpringBootDependencyInjectionTestExecutionListener@149dd36b, org.springframework.test.context.support.DirtiesContextTestExecutionListener@38831718, org.springframework.test.context.transaction.TransactionalTestExecutionListener@2c1156a7, org.springframework.test.context.jdbc.SqlScriptsTestExecutionListener@33fe57a9, org.springframework.test.context.event.EventPublishingTestExecutionListener@4982cc36, org.springframework.boot.test.mock.mockito.ResetMocksTestExecutionListener@691939c9, org.springframework.boot.test.autoconfigure.restdocs.RestDocsTestExecutionListener@4f1bfe23, org.springframework.boot.test.autoconfigure.web.client.MockRestServiceServerResetTestExecutionListener@e19bb76, org.springframework.boot.test.autoconfigure.web.servlet.MockMvcPrintOnlyOnFailureTestExecutionListener@512535ff, org.springframework.boot.test.autoconfigure.web.servlet.WebDriverTestExecutionListener@71529963]
2020-04-06 20:43:25.959[main][main] INFO  c.m.a.mapper.MessageMapperTest - Starting MessageMapperTest on ZHA-HP with PID 86776 (started by zhayh in E:\02-back end\00-teaching\02-SpringBoot\02-code\awesome-spring-boot\chapter-7\mybatis-annotation-demo)
2020-04-06 20:43:25.960[main][main] DEBUG c.m.a.mapper.MessageMapperTest - Running with Spring Boot v2.2.6.RELEASE, Spring v5.2.5.RELEASE
2020-04-06 20:43:25.961[main][main] INFO  c.m.a.mapper.MessageMapperTest - No active profile set, falling back to default profiles: default
2020-04-06 20:43:26.971[main][main] DEBUG org.apache.ibatis.logging.LogFactory - Logging initialized using 'class org.apache.ibatis.logging.slf4j.Slf4jImpl' adapter.
2020-04-06 20:43:28.868[main][main] INFO  c.m.a.mapper.MessageMapperTest - Started MessageMapperTest in 3.393 seconds (JVM running for 5.793)
2020-04-06 20:43:29.860[main][main] INFO  com.zaxxer.hikari.HikariDataSource - HikariPool-1 - Starting...
2020-04-06 20:43:31.696[main][main] INFO  com.zaxxer.hikari.HikariDataSource - HikariPool-1 - Start completed.
2020-04-06 20:43:31.763[main][main] DEBUG c.m.a.m.MessageMapper.selectMessages - ==>  Preparing: SELECT * FROM message WHERE (1=1 AND msg_summary=?) ORDER BY msg_id LIMIT 0 OFFSET 3 
2020-04-06 20:43:31.872[main][main] DEBUG c.m.a.m.MessageMapper.selectMessages - ==> Parameters: 水果(String)
2020-04-06 20:43:31.979[main][main] DEBUG c.m.a.m.MessageMapper.selectMessages - <==      Total: 0
2020-04-06 20:43:32.011[main][main] DEBUG c.m.a.mapper.MessageMapper.getCount - ==>  Preparing: SELECT count(1) FROM message WHERE (msg_summary=?) 
2020-04-06 20:43:32.013[main][main] DEBUG c.m.a.mapper.MessageMapper.getCount - ==> Parameters: 水果(String)
2020-04-06 20:43:32.079[main][main] DEBUG c.m.a.mapper.MessageMapper.getCount - <==      Total: 1
2020-04-06 20:43:32.080[main][main] INFO  c.m.a.mapper.MessageMapperTest - page = Page(currentPage=0, totalPage=0, totalNumber=0, datas=[])
2020-04-06 20:43:32.221[SpringContextShutdownHook][SpringContextShutdownHook] INFO  com.zaxxer.hikari.HikariDataSource - HikariPool-1 - Shutdown initiated...
2020-04-06 20:43:32.327[SpringContextShutdownHook][SpringContextShutdownHook] INFO  com.zaxxer.hikari.HikariDataSource - HikariPool-1 - Shutdown completed.
2020-04-06 20:44:20.402[main][main] INFO  o.s.b.t.c.SpringBootTestContextBootstrapper - Neither @ContextConfiguration nor @ContextHierarchy found for test class [com.mybatis.annotation.mapper.MessageMapperTest], using SpringBootContextLoader
2020-04-06 20:44:20.415[main][main] INFO  o.s.t.c.s.AbstractContextLoader - Could not detect default resource locations for test class [com.mybatis.annotation.mapper.MessageMapperTest]: no resource found for suffixes {-context.xml, Context.groovy}.
2020-04-06 20:44:20.416[main][main] INFO  o.s.t.c.s.AnnotationConfigContextLoaderUtils - Could not detect default configuration classes for test class [com.mybatis.annotation.mapper.MessageMapperTest]: MessageMapperTest does not declare any static, non-private, non-final, nested classes annotated with @Configuration.
2020-04-06 20:44:20.784[main][main] INFO  o.s.b.t.c.SpringBootTestContextBootstrapper - Found @SpringBootConfiguration com.mybatis.annotation.MybatisAnnotationDemoApplication for test class com.mybatis.annotation.mapper.MessageMapperTest
2020-04-06 20:44:21.029[main][main] INFO  o.s.b.t.c.SpringBootTestContextBootstrapper - Loaded default TestExecutionListener class names from location [META-INF/spring.factories]: [org.springframework.boot.test.mock.mockito.MockitoTestExecutionListener, org.springframework.boot.test.mock.mockito.ResetMocksTestExecutionListener, org.springframework.boot.test.autoconfigure.restdocs.RestDocsTestExecutionListener, org.springframework.boot.test.autoconfigure.web.client.MockRestServiceServerResetTestExecutionListener, org.springframework.boot.test.autoconfigure.web.servlet.MockMvcPrintOnlyOnFailureTestExecutionListener, org.springframework.boot.test.autoconfigure.web.servlet.WebDriverTestExecutionListener, org.springframework.test.context.web.ServletTestExecutionListener, org.springframework.test.context.support.DirtiesContextBeforeModesTestExecutionListener, org.springframework.test.context.support.DependencyInjectionTestExecutionListener, org.springframework.test.context.support.DirtiesContextTestExecutionListener, org.springframework.test.context.transaction.TransactionalTestExecutionListener, org.springframework.test.context.jdbc.SqlScriptsTestExecutionListener, org.springframework.test.context.event.EventPublishingTestExecutionListener]
2020-04-06 20:44:21.075[main][main] INFO  o.s.b.t.c.SpringBootTestContextBootstrapper - Using TestExecutionListeners: [org.springframework.test.context.support.DirtiesContextBeforeModesTestExecutionListener@1941a8ff, org.springframework.boot.test.mock.mockito.MockitoTestExecutionListener@22d7b4f8, org.springframework.boot.test.autoconfigure.SpringBootDependencyInjectionTestExecutionListener@149dd36b, org.springframework.test.context.support.DirtiesContextTestExecutionListener@38831718, org.springframework.test.context.transaction.TransactionalTestExecutionListener@2c1156a7, org.springframework.test.context.jdbc.SqlScriptsTestExecutionListener@33fe57a9, org.springframework.test.context.event.EventPublishingTestExecutionListener@4982cc36, org.springframework.boot.test.mock.mockito.ResetMocksTestExecutionListener@691939c9, org.springframework.boot.test.autoconfigure.restdocs.RestDocsTestExecutionListener@4f1bfe23, org.springframework.boot.test.autoconfigure.web.client.MockRestServiceServerResetTestExecutionListener@e19bb76, org.springframework.boot.test.autoconfigure.web.servlet.MockMvcPrintOnlyOnFailureTestExecutionListener@512535ff, org.springframework.boot.test.autoconfigure.web.servlet.WebDriverTestExecutionListener@71529963]
2020-04-06 20:44:21.858[main][main] INFO  c.m.a.mapper.MessageMapperTest - Starting MessageMapperTest on ZHA-HP with PID 584 (started by zhayh in E:\02-back end\00-teaching\02-SpringBoot\02-code\awesome-spring-boot\chapter-7\mybatis-annotation-demo)
2020-04-06 20:44:21.862[main][main] DEBUG c.m.a.mapper.MessageMapperTest - Running with Spring Boot v2.2.6.RELEASE, Spring v5.2.5.RELEASE
2020-04-06 20:44:21.864[main][main] INFO  c.m.a.mapper.MessageMapperTest - No active profile set, falling back to default profiles: default
2020-04-06 20:44:23.206[main][main] DEBUG org.apache.ibatis.logging.LogFactory - Logging initialized using 'class org.apache.ibatis.logging.slf4j.Slf4jImpl' adapter.
2020-04-06 20:44:24.956[main][main] INFO  c.m.a.mapper.MessageMapperTest - Started MessageMapperTest in 3.779 seconds (JVM running for 6.309)
2020-04-06 20:44:26.071[main][main] INFO  com.zaxxer.hikari.HikariDataSource - HikariPool-1 - Starting...
2020-04-06 20:44:28.239[main][main] INFO  com.zaxxer.hikari.HikariDataSource - HikariPool-1 - Start completed.
2020-04-06 20:44:28.275[main][main] DEBUG c.m.a.mapper.MessageMapper.insert - ==>  Preparing: insert into message(msg_text, msg_summary) values(?, ?) 
2020-04-06 20:44:28.390[main][main] DEBUG c.m.a.mapper.MessageMapper.insert - ==> Parameters: niit(String), 学校(String)
2020-04-06 20:44:28.401[main][main] DEBUG c.m.a.mapper.MessageMapper.insert - <==    Updates: 1
2020-04-06 20:44:28.404[main][main] INFO  c.m.a.mapper.MessageMapperTest - 插入的数据条数： 1
2020-04-06 20:44:28.455[SpringContextShutdownHook][SpringContextShutdownHook] INFO  com.zaxxer.hikari.HikariDataSource - HikariPool-1 - Shutdown initiated...
2020-04-06 20:44:28.513[SpringContextShutdownHook][SpringContextShutdownHook] INFO  com.zaxxer.hikari.HikariDataSource - HikariPool-1 - Shutdown completed.
2020-04-06 20:44:55.578[main][main] INFO  o.s.b.t.c.SpringBootTestContextBootstrapper - Neither @ContextConfiguration nor @ContextHierarchy found for test class [com.mybatis.annotation.mapper.MessageMapperTest], using SpringBootContextLoader
2020-04-06 20:44:55.591[main][main] INFO  o.s.t.c.s.AbstractContextLoader - Could not detect default resource locations for test class [com.mybatis.annotation.mapper.MessageMapperTest]: no resource found for suffixes {-context.xml, Context.groovy}.
2020-04-06 20:44:55.593[main][main] INFO  o.s.t.c.s.AnnotationConfigContextLoaderUtils - Could not detect default configuration classes for test class [com.mybatis.annotation.mapper.MessageMapperTest]: MessageMapperTest does not declare any static, non-private, non-final, nested classes annotated with @Configuration.
2020-04-06 20:44:55.859[main][main] INFO  o.s.b.t.c.SpringBootTestContextBootstrapper - Found @SpringBootConfiguration com.mybatis.annotation.MybatisAnnotationDemoApplication for test class com.mybatis.annotation.mapper.MessageMapperTest
2020-04-06 20:44:56.023[main][main] INFO  o.s.b.t.c.SpringBootTestContextBootstrapper - Loaded default TestExecutionListener class names from location [META-INF/spring.factories]: [org.springframework.boot.test.mock.mockito.MockitoTestExecutionListener, org.springframework.boot.test.mock.mockito.ResetMocksTestExecutionListener, org.springframework.boot.test.autoconfigure.restdocs.RestDocsTestExecutionListener, org.springframework.boot.test.autoconfigure.web.client.MockRestServiceServerResetTestExecutionListener, org.springframework.boot.test.autoconfigure.web.servlet.MockMvcPrintOnlyOnFailureTestExecutionListener, org.springframework.boot.test.autoconfigure.web.servlet.WebDriverTestExecutionListener, org.springframework.test.context.web.ServletTestExecutionListener, org.springframework.test.context.support.DirtiesContextBeforeModesTestExecutionListener, org.springframework.test.context.support.DependencyInjectionTestExecutionListener, org.springframework.test.context.support.DirtiesContextTestExecutionListener, org.springframework.test.context.transaction.TransactionalTestExecutionListener, org.springframework.test.context.jdbc.SqlScriptsTestExecutionListener, org.springframework.test.context.event.EventPublishingTestExecutionListener]
2020-04-06 20:44:56.051[main][main] INFO  o.s.b.t.c.SpringBootTestContextBootstrapper - Using TestExecutionListeners: [org.springframework.test.context.support.DirtiesContextBeforeModesTestExecutionListener@1941a8ff, org.springframework.boot.test.mock.mockito.MockitoTestExecutionListener@22d7b4f8, org.springframework.boot.test.autoconfigure.SpringBootDependencyInjectionTestExecutionListener@149dd36b, org.springframework.test.context.support.DirtiesContextTestExecutionListener@38831718, org.springframework.test.context.transaction.TransactionalTestExecutionListener@2c1156a7, org.springframework.test.context.jdbc.SqlScriptsTestExecutionListener@33fe57a9, org.springframework.test.context.event.EventPublishingTestExecutionListener@4982cc36, org.springframework.boot.test.mock.mockito.ResetMocksTestExecutionListener@691939c9, org.springframework.boot.test.autoconfigure.restdocs.RestDocsTestExecutionListener@4f1bfe23, org.springframework.boot.test.autoconfigure.web.client.MockRestServiceServerResetTestExecutionListener@e19bb76, org.springframework.boot.test.autoconfigure.web.servlet.MockMvcPrintOnlyOnFailureTestExecutionListener@512535ff, org.springframework.boot.test.autoconfigure.web.servlet.WebDriverTestExecutionListener@71529963]
2020-04-06 20:44:56.655[main][main] INFO  c.m.a.mapper.MessageMapperTest - Starting MessageMapperTest on ZHA-HP with PID 11204 (started by zhayh in E:\02-back end\00-teaching\02-SpringBoot\02-code\awesome-spring-boot\chapter-7\mybatis-annotation-demo)
2020-04-06 20:44:56.657[main][main] DEBUG c.m.a.mapper.MessageMapperTest - Running with Spring Boot v2.2.6.RELEASE, Spring v5.2.5.RELEASE
2020-04-06 20:44:56.660[main][main] INFO  c.m.a.mapper.MessageMapperTest - No active profile set, falling back to default profiles: default
2020-04-06 20:44:58.022[main][main] DEBUG org.apache.ibatis.logging.LogFactory - Logging initialized using 'class org.apache.ibatis.logging.slf4j.Slf4jImpl' adapter.
2020-04-06 20:44:59.669[main][main] INFO  c.m.a.mapper.MessageMapperTest - Started MessageMapperTest in 3.562 seconds (JVM running for 6.104)
2020-04-06 20:45:00.738[main][main] INFO  com.zaxxer.hikari.HikariDataSource - HikariPool-1 - Starting...
2020-04-06 20:45:02.541[main][main] INFO  com.zaxxer.hikari.HikariDataSource - HikariPool-1 - Start completed.
2020-04-06 20:45:02.563[main][main] DEBUG c.m.a.m.MessageMapper.batchInsert - ==>  Preparing: insert into message(msg_text, msg_summary) values (?, ?) , (?, ?) 
2020-04-06 20:45:02.675[main][main] DEBUG c.m.a.m.MessageMapper.batchInsert - ==> Parameters: apple(String), 水果(String), orange(String), 水果(String)
2020-04-06 20:45:02.748[main][main] DEBUG c.m.a.m.MessageMapper.batchInsert - <==    Updates: 2
2020-04-06 20:45:02.753[main][main] INFO  c.m.a.mapper.MessageMapperTest - 插入的数据条数： 2
2020-04-06 20:45:02.925[SpringContextShutdownHook][SpringContextShutdownHook] INFO  com.zaxxer.hikari.HikariDataSource - HikariPool-1 - Shutdown initiated...
2020-04-06 20:45:02.935[SpringContextShutdownHook][SpringContextShutdownHook] INFO  com.zaxxer.hikari.HikariDataSource - HikariPool-1 - Shutdown completed.
2020-04-06 20:45:19.941[main][main] INFO  o.s.b.t.c.SpringBootTestContextBootstrapper - Neither @ContextConfiguration nor @ContextHierarchy found for test class [com.mybatis.annotation.mapper.MessageMapperTest], using SpringBootContextLoader
2020-04-06 20:45:19.953[main][main] INFO  o.s.t.c.s.AbstractContextLoader - Could not detect default resource locations for test class [com.mybatis.annotation.mapper.MessageMapperTest]: no resource found for suffixes {-context.xml, Context.groovy}.
2020-04-06 20:45:19.954[main][main] INFO  o.s.t.c.s.AnnotationConfigContextLoaderUtils - Could not detect default configuration classes for test class [com.mybatis.annotation.mapper.MessageMapperTest]: MessageMapperTest does not declare any static, non-private, non-final, nested classes annotated with @Configuration.
2020-04-06 20:45:20.182[main][main] INFO  o.s.b.t.c.SpringBootTestContextBootstrapper - Found @SpringBootConfiguration com.mybatis.annotation.MybatisAnnotationDemoApplication for test class com.mybatis.annotation.mapper.MessageMapperTest
2020-04-06 20:45:20.401[main][main] INFO  o.s.b.t.c.SpringBootTestContextBootstrapper - Loaded default TestExecutionListener class names from location [META-INF/spring.factories]: [org.springframework.boot.test.mock.mockito.MockitoTestExecutionListener, org.springframework.boot.test.mock.mockito.ResetMocksTestExecutionListener, org.springframework.boot.test.autoconfigure.restdocs.RestDocsTestExecutionListener, org.springframework.boot.test.autoconfigure.web.client.MockRestServiceServerResetTestExecutionListener, org.springframework.boot.test.autoconfigure.web.servlet.MockMvcPrintOnlyOnFailureTestExecutionListener, org.springframework.boot.test.autoconfigure.web.servlet.WebDriverTestExecutionListener, org.springframework.test.context.web.ServletTestExecutionListener, org.springframework.test.context.support.DirtiesContextBeforeModesTestExecutionListener, org.springframework.test.context.support.DependencyInjectionTestExecutionListener, org.springframework.test.context.support.DirtiesContextTestExecutionListener, org.springframework.test.context.transaction.TransactionalTestExecutionListener, org.springframework.test.context.jdbc.SqlScriptsTestExecutionListener, org.springframework.test.context.event.EventPublishingTestExecutionListener]
2020-04-06 20:45:20.431[main][main] INFO  o.s.b.t.c.SpringBootTestContextBootstrapper - Using TestExecutionListeners: [org.springframework.test.context.support.DirtiesContextBeforeModesTestExecutionListener@70f59913, org.springframework.boot.test.mock.mockito.MockitoTestExecutionListener@77258e59, org.springframework.boot.test.autoconfigure.SpringBootDependencyInjectionTestExecutionListener@5dcd8c7a, org.springframework.test.context.support.DirtiesContextTestExecutionListener@2250b9f2, org.springframework.test.context.transaction.TransactionalTestExecutionListener@7e3181aa, org.springframework.test.context.jdbc.SqlScriptsTestExecutionListener@253d9f73, org.springframework.test.context.event.EventPublishingTestExecutionListener@142269f2, org.springframework.boot.test.mock.mockito.ResetMocksTestExecutionListener@331acdad, org.springframework.boot.test.autoconfigure.restdocs.RestDocsTestExecutionListener@41d426b5, org.springframework.boot.test.autoconfigure.web.client.MockRestServiceServerResetTestExecutionListener@8dbfffb, org.springframework.boot.test.autoconfigure.web.servlet.MockMvcPrintOnlyOnFailureTestExecutionListener@f316aeb, org.springframework.boot.test.autoconfigure.web.servlet.WebDriverTestExecutionListener@6aa3a905]
2020-04-06 20:45:20.997[main][main] INFO  c.m.a.mapper.MessageMapperTest - Starting MessageMapperTest on ZHA-HP with PID 42024 (started by zhayh in E:\02-back end\00-teaching\02-SpringBoot\02-code\awesome-spring-boot\chapter-7\mybatis-annotation-demo)
2020-04-06 20:45:20.999[main][main] DEBUG c.m.a.mapper.MessageMapperTest - Running with Spring Boot v2.2.6.RELEASE, Spring v5.2.5.RELEASE
2020-04-06 20:45:21.000[main][main] INFO  c.m.a.mapper.MessageMapperTest - No active profile set, falling back to default profiles: default
2020-04-06 20:45:21.819[main][main] DEBUG org.apache.ibatis.logging.LogFactory - Logging initialized using 'class org.apache.ibatis.logging.slf4j.Slf4jImpl' adapter.
2020-04-06 20:45:23.577[main][main] INFO  c.m.a.mapper.MessageMapperTest - Started MessageMapperTest in 3.076 seconds (JVM running for 5.46)
2020-04-06 20:45:24.439[main][main] INFO  com.zaxxer.hikari.HikariDataSource - HikariPool-1 - Starting...
2020-04-06 20:45:26.414[main][main] INFO  com.zaxxer.hikari.HikariDataSource - HikariPool-1 - Start completed.
2020-04-06 20:45:26.434[main][main] DEBUG c.m.a.mapper.MessageMapper.insert - ==>  Preparing: insert into message(msg_text, msg_summary) values(?, ?) 
2020-04-06 20:45:26.496[main][main] DEBUG c.m.a.mapper.MessageMapper.insert - ==> Parameters: niit(String), 学校(String)
2020-04-06 20:45:26.504[main][main] DEBUG c.m.a.mapper.MessageMapper.insert - <==    Updates: 1
2020-04-06 20:45:26.508[main][main] INFO  c.m.a.mapper.MessageMapperTest - 插入的数据条数： 1
2020-04-06 20:45:26.677[main][main] DEBUG c.m.a.m.MessageMapper.batchInsert - ==>  Preparing: insert into message(msg_text, msg_summary) values (?, ?) , (?, ?) 
2020-04-06 20:45:26.679[main][main] DEBUG c.m.a.m.MessageMapper.batchInsert - ==> Parameters: apple(String), 水果(String), orange(String), 水果(String)
2020-04-06 20:45:26.691[main][main] DEBUG c.m.a.m.MessageMapper.batchInsert - <==    Updates: 2
2020-04-06 20:45:26.694[main][main] INFO  c.m.a.mapper.MessageMapperTest - 插入的数据条数： 2
2020-04-06 20:45:26.715[main][main] DEBUG c.m.a.mapper.MessageMapper.selectAll - ==>  Preparing: select * from message 
2020-04-06 20:45:26.716[main][main] DEBUG c.m.a.mapper.MessageMapper.selectAll - ==> Parameters: 
2020-04-06 20:45:26.914[main][main] DEBUG c.m.a.mapper.MessageMapper.selectAll - <==      Total: 6
2020-04-06 20:45:26.945[main][main] INFO  c.m.a.mapper.MessageMapperTest - 查询的数据： Message(msgId=1, msgText=niit, msgSummary=学校)
2020-04-06 20:45:26.946[main][main] INFO  c.m.a.mapper.MessageMapperTest - 查询的数据： Message(msgId=2, msgText=apple, msgSummary=水果)
2020-04-06 20:45:26.946[main][main] INFO  c.m.a.mapper.MessageMapperTest - 查询的数据： Message(msgId=3, msgText=orange, msgSummary=水果)
2020-04-06 20:45:26.947[main][main] INFO  c.m.a.mapper.MessageMapperTest - 查询的数据： Message(msgId=4, msgText=niit, msgSummary=学校)
2020-04-06 20:45:26.947[main][main] INFO  c.m.a.mapper.MessageMapperTest - 查询的数据： Message(msgId=5, msgText=apple, msgSummary=水果)
2020-04-06 20:45:26.948[main][main] INFO  c.m.a.mapper.MessageMapperTest - 查询的数据： Message(msgId=6, msgText=orange, msgSummary=水果)
2020-04-06 20:45:26.972[main][main] DEBUG c.m.a.mapper.MessageMapper.update - ==>  Preparing: update message SET msg_text=?, msg_summary=? where msg_id=? 
2020-04-06 20:45:26.973[main][main] DEBUG c.m.a.mapper.MessageMapper.update - ==> Parameters: computer(String), 学校(String), 1(Integer)
2020-04-06 20:45:27.094[main][main] DEBUG c.m.a.mapper.MessageMapper.update - <==    Updates: 1
2020-04-06 20:45:27.095[main][main] INFO  c.m.a.mapper.MessageMapperTest - 更新的数据条数： 1
2020-04-06 20:45:27.102[main][main] DEBUG c.m.a.m.MessageMapper.updateText - ==>  Preparing: update message SET msg_text=? where msg_id=? 
2020-04-06 20:45:27.103[main][main] DEBUG c.m.a.m.MessageMapper.updateText - ==> Parameters: computer(String), 2(Integer)
2020-04-06 20:45:27.111[main][main] DEBUG c.m.a.m.MessageMapper.updateText - <==    Updates: 1
2020-04-06 20:45:27.112[main][main] INFO  c.m.a.mapper.MessageMapperTest - 更新Text的数据条数： 1
2020-04-06 20:45:27.120[main][main] DEBUG c.m.a.m.MessageMapper.selectById - ==>  Preparing: select * from message where msg_id=? 
2020-04-06 20:45:27.120[main][main] DEBUG c.m.a.m.MessageMapper.selectById - ==> Parameters: 1(Integer)
2020-04-06 20:45:27.123[main][main] DEBUG c.m.a.m.MessageMapper.selectById - <==      Total: 1
2020-04-06 20:45:27.123[main][main] INFO  c.m.a.mapper.MessageMapperTest - id为1的数据： Message(msgId=1, msgText=computer, msgSummary=学校)
2020-04-06 20:45:27.131[main][main] DEBUG c.m.a.mapper.MessageMapper.delete - ==>  Preparing: delete from message where msg_id=? 
2020-04-06 20:45:27.132[main][main] DEBUG c.m.a.mapper.MessageMapper.delete - ==> Parameters: 1(Integer)
2020-04-06 20:45:27.154[main][main] DEBUG c.m.a.mapper.MessageMapper.delete - <==    Updates: 1
2020-04-06 20:45:27.155[main][main] INFO  c.m.a.mapper.MessageMapperTest - 删除的数据条数： 1
2020-04-06 20:45:27.173[main][main] DEBUG c.m.a.mapper.MessageMapper.getCount - ==>  Preparing: SELECT count(1) FROM message WHERE (msg_text=? AND msg_summary=?) 
2020-04-06 20:45:27.174[main][main] DEBUG c.m.a.mapper.MessageMapper.getCount - ==> Parameters: computer(String), 学校(String)
2020-04-06 20:45:27.178[main][main] DEBUG c.m.a.mapper.MessageMapper.getCount - <==      Total: 1
2020-04-06 20:45:27.178[main][main] INFO  c.m.a.mapper.MessageMapperTest - count ---- , 0
2020-04-06 20:45:27.193[main][main] DEBUG c.m.a.m.MessageMapper.selectMessages - ==>  Preparing: SELECT * FROM message WHERE (1=1 AND msg_summary=?) ORDER BY msg_id LIMIT 0 OFFSET 3 
2020-04-06 20:45:27.194[main][main] DEBUG c.m.a.m.MessageMapper.selectMessages - ==> Parameters: 水果(String)
2020-04-06 20:45:27.197[main][main] DEBUG c.m.a.m.MessageMapper.selectMessages - <==      Total: 0
2020-04-06 20:45:27.198[main][main] DEBUG c.m.a.mapper.MessageMapper.getCount - ==>  Preparing: SELECT count(1) FROM message WHERE (msg_summary=?) 
2020-04-06 20:45:27.199[main][main] DEBUG c.m.a.mapper.MessageMapper.getCount - ==> Parameters: 水果(String)
2020-04-06 20:45:27.201[main][main] DEBUG c.m.a.mapper.MessageMapper.getCount - <==      Total: 1
2020-04-06 20:45:27.203[main][main] INFO  c.m.a.mapper.MessageMapperTest - page = Page(currentPage=0, totalPage=2, totalNumber=4, datas=[])
2020-04-06 20:45:27.252[SpringContextShutdownHook][SpringContextShutdownHook] INFO  com.zaxxer.hikari.HikariDataSource - HikariPool-1 - Shutdown initiated...
2020-04-06 20:45:27.283[SpringContextShutdownHook][SpringContextShutdownHook] INFO  com.zaxxer.hikari.HikariDataSource - HikariPool-1 - Shutdown completed.
2020-04-06 20:56:06.789[main][main] INFO  o.s.b.t.c.SpringBootTestContextBootstrapper - Neither @ContextConfiguration nor @ContextHierarchy found for test class [com.mybatis.annotation.mapper.MessageMapperTest], using SpringBootContextLoader
2020-04-06 20:56:06.803[main][main] INFO  o.s.t.c.s.AbstractContextLoader - Could not detect default resource locations for test class [com.mybatis.annotation.mapper.MessageMapperTest]: no resource found for suffixes {-context.xml, Context.groovy}.
2020-04-06 20:56:06.804[main][main] INFO  o.s.t.c.s.AnnotationConfigContextLoaderUtils - Could not detect default configuration classes for test class [com.mybatis.annotation.mapper.MessageMapperTest]: MessageMapperTest does not declare any static, non-private, non-final, nested classes annotated with @Configuration.
2020-04-06 20:56:07.145[main][main] INFO  o.s.b.t.c.SpringBootTestContextBootstrapper - Found @SpringBootConfiguration com.mybatis.annotation.MybatisAnnotationDemoApplication for test class com.mybatis.annotation.mapper.MessageMapperTest
2020-04-06 20:56:07.361[main][main] INFO  o.s.b.t.c.SpringBootTestContextBootstrapper - Loaded default TestExecutionListener class names from location [META-INF/spring.factories]: [org.springframework.boot.test.mock.mockito.MockitoTestExecutionListener, org.springframework.boot.test.mock.mockito.ResetMocksTestExecutionListener, org.springframework.boot.test.autoconfigure.restdocs.RestDocsTestExecutionListener, org.springframework.boot.test.autoconfigure.web.client.MockRestServiceServerResetTestExecutionListener, org.springframework.boot.test.autoconfigure.web.servlet.MockMvcPrintOnlyOnFailureTestExecutionListener, org.springframework.boot.test.autoconfigure.web.servlet.WebDriverTestExecutionListener, org.springframework.test.context.web.ServletTestExecutionListener, org.springframework.test.context.support.DirtiesContextBeforeModesTestExecutionListener, org.springframework.test.context.support.DependencyInjectionTestExecutionListener, org.springframework.test.context.support.DirtiesContextTestExecutionListener, org.springframework.test.context.transaction.TransactionalTestExecutionListener, org.springframework.test.context.jdbc.SqlScriptsTestExecutionListener, org.springframework.test.context.event.EventPublishingTestExecutionListener]
2020-04-06 20:56:07.395[main][main] INFO  o.s.b.t.c.SpringBootTestContextBootstrapper - Using TestExecutionListeners: [org.springframework.test.context.support.DirtiesContextBeforeModesTestExecutionListener@1941a8ff, org.springframework.boot.test.mock.mockito.MockitoTestExecutionListener@22d7b4f8, org.springframework.boot.test.autoconfigure.SpringBootDependencyInjectionTestExecutionListener@149dd36b, org.springframework.test.context.support.DirtiesContextTestExecutionListener@38831718, org.springframework.test.context.transaction.TransactionalTestExecutionListener@2c1156a7, org.springframework.test.context.jdbc.SqlScriptsTestExecutionListener@33fe57a9, org.springframework.test.context.event.EventPublishingTestExecutionListener@4982cc36, org.springframework.boot.test.mock.mockito.ResetMocksTestExecutionListener@691939c9, org.springframework.boot.test.autoconfigure.restdocs.RestDocsTestExecutionListener@4f1bfe23, org.springframework.boot.test.autoconfigure.web.client.MockRestServiceServerResetTestExecutionListener@e19bb76, org.springframework.boot.test.autoconfigure.web.servlet.MockMvcPrintOnlyOnFailureTestExecutionListener@512535ff, org.springframework.boot.test.autoconfigure.web.servlet.WebDriverTestExecutionListener@71529963]
2020-04-06 20:56:08.009[main][main] INFO  c.m.a.mapper.MessageMapperTest - Starting MessageMapperTest on ZHA-HP with PID 44596 (started by zhayh in E:\02-back end\00-teaching\02-SpringBoot\02-code\awesome-spring-boot\chapter-7\mybatis-annotation-demo)
2020-04-06 20:56:08.010[main][main] DEBUG c.m.a.mapper.MessageMapperTest - Running with Spring Boot v2.2.6.RELEASE, Spring v5.2.5.RELEASE
2020-04-06 20:56:08.011[main][main] INFO  c.m.a.mapper.MessageMapperTest - No active profile set, falling back to default profiles: default
2020-04-06 20:56:08.896[main][main] DEBUG org.apache.ibatis.logging.LogFactory - Logging initialized using 'class org.apache.ibatis.logging.slf4j.Slf4jImpl' adapter.
2020-04-06 20:56:11.533[main][main] INFO  c.m.a.mapper.MessageMapperTest - Started MessageMapperTest in 4.056 seconds (JVM running for 7.048)
2020-04-06 20:56:12.674[main][main] INFO  com.zaxxer.hikari.HikariDataSource - HikariPool-1 - Starting...
2020-04-06 20:56:15.411[main][main] INFO  com.zaxxer.hikari.HikariDataSource - HikariPool-1 - Start completed.
2020-04-06 20:56:15.434[main][main] DEBUG c.m.a.m.MessageMapper.selectMessages - ==>  Preparing: SELECT * FROM message WHERE (1=1 AND msg_summary=?) ORDER BY msg_id LIMIT 47 
2020-04-06 20:56:15.498[main][main] DEBUG c.m.a.m.MessageMapper.selectMessages - ==> Parameters: 水果(String)
2020-04-06 20:56:15.658[main][main] DEBUG c.m.a.m.MessageMapper.selectMessages - <==      Total: 4
2020-04-06 20:56:15.684[main][main] DEBUG c.m.a.mapper.MessageMapper.getCount - ==>  Preparing: SELECT count(1) FROM message WHERE (msg_summary=?) 
2020-04-06 20:56:15.685[main][main] DEBUG c.m.a.mapper.MessageMapper.getCount - ==> Parameters: 水果(String)
2020-04-06 20:56:15.695[main][main] DEBUG c.m.a.mapper.MessageMapper.getCount - <==      Total: 1
2020-04-06 20:56:15.697[main][main] INFO  c.m.a.mapper.MessageMapperTest - page = Page(currentPage=0, totalPage=2, totalNumber=4, datas=[Message(msgId=2, msgText=computer, msgSummary=水果), Message(msgId=3, msgText=orange, msgSummary=水果), Message(msgId=5, msgText=apple, msgSummary=水果), Message(msgId=6, msgText=orange, msgSummary=水果)])
2020-04-06 20:56:15.735[SpringContextShutdownHook][SpringContextShutdownHook] INFO  com.zaxxer.hikari.HikariDataSource - HikariPool-1 - Shutdown initiated...
2020-04-06 20:56:15.772[SpringContextShutdownHook][SpringContextShutdownHook] INFO  com.zaxxer.hikari.HikariDataSource - HikariPool-1 - Shutdown completed.
2020-04-06 21:00:23.562[main][main] INFO  o.s.b.t.c.SpringBootTestContextBootstrapper - Neither @ContextConfiguration nor @ContextHierarchy found for test class [com.mybatis.annotation.mapper.MessageMapperTest], using SpringBootContextLoader
2020-04-06 21:00:23.582[main][main] INFO  o.s.t.c.s.AbstractContextLoader - Could not detect default resource locations for test class [com.mybatis.annotation.mapper.MessageMapperTest]: no resource found for suffixes {-context.xml, Context.groovy}.
2020-04-06 21:00:23.583[main][main] INFO  o.s.t.c.s.AnnotationConfigContextLoaderUtils - Could not detect default configuration classes for test class [com.mybatis.annotation.mapper.MessageMapperTest]: MessageMapperTest does not declare any static, non-private, non-final, nested classes annotated with @Configuration.
2020-04-06 21:00:23.924[main][main] INFO  o.s.b.t.c.SpringBootTestContextBootstrapper - Found @SpringBootConfiguration com.mybatis.annotation.MybatisAnnotationDemoApplication for test class com.mybatis.annotation.mapper.MessageMapperTest
2020-04-06 21:00:24.122[main][main] INFO  o.s.b.t.c.SpringBootTestContextBootstrapper - Loaded default TestExecutionListener class names from location [META-INF/spring.factories]: [org.springframework.boot.test.mock.mockito.MockitoTestExecutionListener, org.springframework.boot.test.mock.mockito.ResetMocksTestExecutionListener, org.springframework.boot.test.autoconfigure.restdocs.RestDocsTestExecutionListener, org.springframework.boot.test.autoconfigure.web.client.MockRestServiceServerResetTestExecutionListener, org.springframework.boot.test.autoconfigure.web.servlet.MockMvcPrintOnlyOnFailureTestExecutionListener, org.springframework.boot.test.autoconfigure.web.servlet.WebDriverTestExecutionListener, org.springframework.test.context.web.ServletTestExecutionListener, org.springframework.test.context.support.DirtiesContextBeforeModesTestExecutionListener, org.springframework.test.context.support.DependencyInjectionTestExecutionListener, org.springframework.test.context.support.DirtiesContextTestExecutionListener, org.springframework.test.context.transaction.TransactionalTestExecutionListener, org.springframework.test.context.jdbc.SqlScriptsTestExecutionListener, org.springframework.test.context.event.EventPublishingTestExecutionListener]
2020-04-06 21:00:24.158[main][main] INFO  o.s.b.t.c.SpringBootTestContextBootstrapper - Using TestExecutionListeners: [org.springframework.test.context.support.DirtiesContextBeforeModesTestExecutionListener@2250b9f2, org.springframework.boot.test.mock.mockito.MockitoTestExecutionListener@7e3181aa, org.springframework.boot.test.autoconfigure.SpringBootDependencyInjectionTestExecutionListener@253d9f73, org.springframework.test.context.support.DirtiesContextTestExecutionListener@142269f2, org.springframework.test.context.transaction.TransactionalTestExecutionListener@331acdad, org.springframework.test.context.jdbc.SqlScriptsTestExecutionListener@41d426b5, org.springframework.test.context.event.EventPublishingTestExecutionListener@8dbfffb, org.springframework.boot.test.mock.mockito.ResetMocksTestExecutionListener@f316aeb, org.springframework.boot.test.autoconfigure.restdocs.RestDocsTestExecutionListener@6aa3a905, org.springframework.boot.test.autoconfigure.web.client.MockRestServiceServerResetTestExecutionListener@a22cb6a, org.springframework.boot.test.autoconfigure.web.servlet.MockMvcPrintOnlyOnFailureTestExecutionListener@5dd1c9f2, org.springframework.boot.test.autoconfigure.web.servlet.WebDriverTestExecutionListener@59b38691]
2020-04-06 21:00:24.860[main][main] INFO  c.m.a.mapper.MessageMapperTest - Starting MessageMapperTest on ZHA-HP with PID 13504 (started by zhayh in E:\02-back end\00-teaching\02-SpringBoot\02-code\awesome-spring-boot\chapter-7\mybatis-annotation-demo)
2020-04-06 21:00:24.862[main][main] DEBUG c.m.a.mapper.MessageMapperTest - Running with Spring Boot v2.2.6.RELEASE, Spring v5.2.5.RELEASE
2020-04-06 21:00:24.863[main][main] INFO  c.m.a.mapper.MessageMapperTest - No active profile set, falling back to default profiles: default
2020-04-06 21:00:25.973[main][main] DEBUG org.apache.ibatis.logging.LogFactory - Logging initialized using 'class org.apache.ibatis.logging.slf4j.Slf4jImpl' adapter.
2020-04-06 21:00:27.646[main][main] INFO  c.m.a.mapper.MessageMapperTest - Started MessageMapperTest in 3.421 seconds (JVM running for 6.406)
2020-04-06 21:00:28.419[main][main] INFO  com.zaxxer.hikari.HikariDataSource - HikariPool-1 - Starting...
2020-04-06 21:00:30.055[main][main] INFO  com.zaxxer.hikari.HikariDataSource - HikariPool-1 - Start completed.
2020-04-06 21:00:30.076[main][main] DEBUG c.m.a.m.MessageMapper.selectMessages - ==>  Preparing: SELECT * FROM message WHERE (1=1 AND msg_summary=?) ORDER BY msg_id LIMIT 3 OFFSET 0 
2020-04-06 21:00:30.174[main][main] DEBUG c.m.a.m.MessageMapper.selectMessages - ==> Parameters: 水果(String)
2020-04-06 21:00:30.291[main][main] DEBUG c.m.a.m.MessageMapper.selectMessages - <==      Total: 3
2020-04-06 21:00:30.305[main][main] DEBUG c.m.a.mapper.MessageMapper.getCount - ==>  Preparing: SELECT count(1) FROM message WHERE (msg_summary=?) 
2020-04-06 21:00:30.306[main][main] DEBUG c.m.a.mapper.MessageMapper.getCount - ==> Parameters: 水果(String)
2020-04-06 21:00:30.309[main][main] DEBUG c.m.a.mapper.MessageMapper.getCount - <==      Total: 1
2020-04-06 21:00:30.319[main][main] INFO  c.m.a.mapper.MessageMapperTest - page = Page(currentPage=0, totalPage=2, totalNumber=4, datas=[Message(msgId=2, msgText=computer, msgSummary=水果), Message(msgId=3, msgText=orange, msgSummary=水果), Message(msgId=5, msgText=apple, msgSummary=水果)])
2020-04-06 21:00:30.587[SpringContextShutdownHook][SpringContextShutdownHook] INFO  com.zaxxer.hikari.HikariDataSource - HikariPool-1 - Shutdown initiated...
2020-04-06 21:00:30.692[SpringContextShutdownHook][SpringContextShutdownHook] INFO  com.zaxxer.hikari.HikariDataSource - HikariPool-1 - Shutdown completed.
