2020-04-09 10:41:49.697[main][main] INFO  o.s.b.t.c.SpringBootTestContextBootstrapper - Neither @ContextConfiguration nor @ContextHierarchy found for test class [com.mybatis.annotation.mapper.MessageMapperTest], using SpringBootContextLoader
2020-04-09 10:41:49.736[main][main] INFO  o.s.t.c.s.AbstractContextLoader - Could not detect default resource locations for test class [com.mybatis.annotation.mapper.MessageMapperTest]: no resource found for suffixes {-context.xml, Context.groovy}.
2020-04-09 10:41:49.740[main][main] INFO  o.s.t.c.s.AnnotationConfigContextLoaderUtils - Could not detect default configuration classes for test class [com.mybatis.annotation.mapper.MessageMapperTest]: MessageMapperTest does not declare any static, non-private, non-final, nested classes annotated with @Configuration.
2020-04-09 10:41:51.149[main][main] INFO  o.s.b.t.c.SpringBootTestContextBootstrapper - Found @SpringBootConfiguration com.mybatis.annotation.MybatisAnnotationDemoApplication for test class com.mybatis.annotation.mapper.MessageMapperTest
2020-04-09 10:41:52.176[main][main] INFO  o.s.b.t.c.SpringBootTestContextBootstrapper - Loaded default TestExecutionListener class names from location [META-INF/spring.factories]: [org.springframework.boot.test.mock.mockito.MockitoTestExecutionListener, org.springframework.boot.test.mock.mockito.ResetMocksTestExecutionListener, org.springframework.boot.test.autoconfigure.restdocs.RestDocsTestExecutionListener, org.springframework.boot.test.autoconfigure.web.client.MockRestServiceServerResetTestExecutionListener, org.springframework.boot.test.autoconfigure.web.servlet.MockMvcPrintOnlyOnFailureTestExecutionListener, org.springframework.boot.test.autoconfigure.web.servlet.WebDriverTestExecutionListener, org.springframework.test.context.web.ServletTestExecutionListener, org.springframework.test.context.support.DirtiesContextBeforeModesTestExecutionListener, org.springframework.test.context.support.DependencyInjectionTestExecutionListener, org.springframework.test.context.support.DirtiesContextTestExecutionListener, org.springframework.test.context.transaction.TransactionalTestExecutionListener, org.springframework.test.context.jdbc.SqlScriptsTestExecutionListener, org.springframework.test.context.event.EventPublishingTestExecutionListener]
2020-04-09 10:41:52.256[main][main] INFO  o.s.b.t.c.SpringBootTestContextBootstrapper - Using TestExecutionListeners: [org.springframework.test.context.support.DirtiesContextBeforeModesTestExecutionListener@1b835480, org.springframework.boot.test.mock.mockito.MockitoTestExecutionListener@3549bca9, org.springframework.boot.test.autoconfigure.SpringBootDependencyInjectionTestExecutionListener@4f25b795, org.springframework.test.context.support.DirtiesContextTestExecutionListener@6fb365ed, org.springframework.test.context.transaction.TransactionalTestExecutionListener@6e950bcf, org.springframework.test.context.jdbc.SqlScriptsTestExecutionListener@16414e40, org.springframework.test.context.event.EventPublishingTestExecutionListener@74bada02, org.springframework.boot.test.mock.mockito.ResetMocksTestExecutionListener@525575, org.springframework.boot.test.autoconfigure.restdocs.RestDocsTestExecutionListener@46dffdc3, org.springframework.boot.test.autoconfigure.web.client.MockRestServiceServerResetTestExecutionListener@5a709816, org.springframework.boot.test.autoconfigure.web.servlet.MockMvcPrintOnlyOnFailureTestExecutionListener@78383390, org.springframework.boot.test.autoconfigure.web.servlet.WebDriverTestExecutionListener@6ad3381f]
2020-04-09 10:41:55.494[main][main] INFO  c.m.a.mapper.MessageMapperTest - Starting MessageMapperTest on ZHA-HP with PID 145916 (started by zhayh in E:\02-back end\00-teaching\02-SpringBoot\02-code\awesome-spring-boot\chapter-7\mybatis-annotation-demo)
2020-04-09 10:41:55.495[main][main] DEBUG c.m.a.mapper.MessageMapperTest - Running with Spring Boot v2.2.6.RELEASE, Spring v5.2.5.RELEASE
2020-04-09 10:41:55.496[main][main] INFO  c.m.a.mapper.MessageMapperTest - No active profile set, falling back to default profiles: default
2020-04-09 10:41:58.467[main][main] DEBUG org.apache.ibatis.logging.LogFactory - Logging initialized using 'class org.apache.ibatis.logging.slf4j.Slf4jImpl' adapter.
2020-04-09 10:42:04.712[main][main] INFO  c.m.a.mapper.MessageMapperTest - Started MessageMapperTest in 12.135 seconds (JVM running for 22.985)
2020-04-09 10:42:07.048[main][main] INFO  com.zaxxer.hikari.HikariDataSource - HikariPool-1 - Starting...
2020-04-09 10:42:12.418[main][main] INFO  com.zaxxer.hikari.HikariDataSource - HikariPool-1 - Start completed.
2020-04-09 10:42:12.528[main][main] DEBUG c.m.a.m.MessageMapper.selectMessages - ==>  Preparing: SELECT * FROM message WHERE (1=1 AND msg_summary=?) ORDER BY msg_id LIMIT 3 OFFSET 0 
2020-04-09 10:42:12.904[main][main] DEBUG c.m.a.m.MessageMapper.selectMessages - ==> Parameters: 水果(String)
2020-04-09 10:42:13.689[main][main] DEBUG c.m.a.m.MessageMapper.selectMessages - <==      Total: 3
2020-04-09 10:42:13.888[main][main] DEBUG c.m.a.mapper.MessageMapper.getCount - ==>  Preparing: SELECT count(1) FROM message WHERE (msg_summary=?) 
2020-04-09 10:42:13.914[main][main] DEBUG c.m.a.mapper.MessageMapper.getCount - ==> Parameters: 水果(String)
2020-04-09 10:42:14.003[main][main] DEBUG c.m.a.mapper.MessageMapper.getCount - <==      Total: 1
2020-04-09 10:42:14.006[main][main] INFO  c.m.a.mapper.MessageMapperTest - page = Page(currentPage=0, totalPage=4, totalNumber=11, datas=[Message(msgId=5, msgText=computer1, msgSummary=水果), Message(msgId=7, msgText=apple, msgSummary=水果), Message(msgId=8, msgText=orange, msgSummary=水果)])
2020-04-09 10:42:14.315[SpringContextShutdownHook][SpringContextShutdownHook] INFO  com.zaxxer.hikari.HikariDataSource - HikariPool-1 - Shutdown initiated...
2020-04-09 10:42:14.377[SpringContextShutdownHook][SpringContextShutdownHook] INFO  com.zaxxer.hikari.HikariDataSource - HikariPool-1 - Shutdown completed.
